This is pdfTeX, Version 3.141592653-2.6-1.40.22 (TeX Live 2022/dev/Debian) (preloaded format=pdflatex 2025.1.13)  17 JAN 2025 09:29
entering extended mode
 restricted \write18 enabled.
 file:line:error style messages enabled.
 %&-line parsing enabled.
**/home/megli2/Projects/Puzzle/Probe-IPA/ipa-puzzle-template/ipa.tex
(/home/megli2/Projects/Puzzle/Probe-IPA/ipa-puzzle-template/ipa.tex
LaTeX2e <2021-11-15> patch level 1
L3 programming layer <2022-01-21> (/usr/share/texlive/texmf-dist/tex/latex/base/report.cls
Document Class: report 2021/10/04 v1.4n Standard LaTeX document class
(/usr/share/texlive/texmf-dist/tex/latex/base/size12.clo
File: size12.clo 2021/10/04 v1.4n Standard LaTeX file (size option)
)
\c@part=\count185
\c@chapter=\count186
\c@section=\count187
\c@subsection=\count188
\c@subsubsection=\count189
\c@paragraph=\count190
\c@subparagraph=\count191
\c@figure=\count192
\c@table=\count193
\abovecaptionskip=\skip47
\belowcaptionskip=\skip48
\bibindent=\dimen138
) (/usr/share/texlive/texmf-dist/tex/latex/base/inputenc.sty
Package: inputenc 2021/02/14 v1.3d Input encoding file
\inpenc@prehook=\toks16
\inpenc@posthook=\toks17
) (/usr/share/texmf/tex/latex/lm/lmodern.sty
Package: lmodern 2009/10/30 v1.6 Latin Modern Fonts
LaTeX Font Info:    Overwriting symbol font `operators' in version `normal'
(Font)                  OT1/cmr/m/n --> OT1/lmr/m/n on input line 22.
LaTeX Font Info:    Overwriting symbol font `letters' in version `normal'
(Font)                  OML/cmm/m/it --> OML/lmm/m/it on input line 23.
LaTeX Font Info:    Overwriting symbol font `symbols' in version `normal'
(Font)                  OMS/cmsy/m/n --> OMS/lmsy/m/n on input line 24.
LaTeX Font Info:    Overwriting symbol font `largesymbols' in version `normal'
(Font)                  OMX/cmex/m/n --> OMX/lmex/m/n on input line 25.
LaTeX Font Info:    Overwriting symbol font `operators' in version `bold'
(Font)                  OT1/cmr/bx/n --> OT1/lmr/bx/n on input line 26.
LaTeX Font Info:    Overwriting symbol font `letters' in version `bold'
(Font)                  OML/cmm/b/it --> OML/lmm/b/it on input line 27.
LaTeX Font Info:    Overwriting symbol font `symbols' in version `bold'
(Font)                  OMS/cmsy/b/n --> OMS/lmsy/b/n on input line 28.
LaTeX Font Info:    Overwriting symbol font `largesymbols' in version `bold'
(Font)                  OMX/cmex/m/n --> OMX/lmex/m/n on input line 29.
LaTeX Font Info:    Overwriting math alphabet `\mathbf' in version `normal'
(Font)                  OT1/cmr/bx/n --> OT1/lmr/bx/n on input line 31.
LaTeX Font Info:    Overwriting math alphabet `\mathsf' in version `normal'
(Font)                  OT1/cmss/m/n --> OT1/lmss/m/n on input line 32.
LaTeX Font Info:    Overwriting math alphabet `\mathit' in version `normal'
(Font)                  OT1/cmr/m/it --> OT1/lmr/m/it on input line 33.
LaTeX Font Info:    Overwriting math alphabet `\mathtt' in version `normal'
(Font)                  OT1/cmtt/m/n --> OT1/lmtt/m/n on input line 34.
LaTeX Font Info:    Overwriting math alphabet `\mathbf' in version `bold'
(Font)                  OT1/cmr/bx/n --> OT1/lmr/bx/n on input line 35.
LaTeX Font Info:    Overwriting math alphabet `\mathsf' in version `bold'
(Font)                  OT1/cmss/bx/n --> OT1/lmss/bx/n on input line 36.
LaTeX Font Info:    Overwriting math alphabet `\mathit' in version `bold'
(Font)                  OT1/cmr/bx/it --> OT1/lmr/bx/it on input line 37.
LaTeX Font Info:    Overwriting math alphabet `\mathtt' in version `bold'
(Font)                  OT1/cmtt/m/n --> OT1/lmtt/m/n on input line 38.
) (/usr/share/texlive/texmf-dist/tex/latex/amsmath/amsmath.sty
Package: amsmath 2021/10/15 v2.17l AMS math features
\@mathmargin=\skip49

For additional information on amsmath, use the `?' option.
(/usr/share/texlive/texmf-dist/tex/latex/amsmath/amstext.sty
Package: amstext 2021/08/26 v2.01 AMS text
 (/usr/share/texlive/texmf-dist/tex/latex/amsmath/amsgen.sty
File: amsgen.sty 1999/11/30 v2.0 generic functions
\@emptytoks=\toks18
\ex@=\dimen139
)) (/usr/share/texlive/texmf-dist/tex/latex/amsmath/amsbsy.sty
Package: amsbsy 1999/11/29 v1.2d Bold Symbols
\pmbraise@=\dimen140
) (/usr/share/texlive/texmf-dist/tex/latex/amsmath/amsopn.sty
Package: amsopn 2021/08/26 v2.02 operator names
)
\inf@bad=\count194
LaTeX Info: Redefining \frac on input line 234.
\uproot@=\count195
\leftroot@=\count196
LaTeX Info: Redefining \overline on input line 399.
\classnum@=\count197
\DOTSCASE@=\count198
LaTeX Info: Redefining \ldots on input line 496.
LaTeX Info: Redefining \dots on input line 499.
LaTeX Info: Redefining \cdots on input line 620.
\Mathstrutbox@=\box50
\strutbox@=\box51
\big@size=\dimen141
LaTeX Font Info:    Redeclaring font encoding OML on input line 743.
LaTeX Font Info:    Redeclaring font encoding OMS on input line 744.
\macc@depth=\count199
\c@MaxMatrixCols=\count266
\dotsspace@=\muskip16
\c@parentequation=\count267
\dspbrk@lvl=\count268
\tag@help=\toks19
\row@=\count269
\column@=\count270
\maxfields@=\count271
\andhelp@=\toks20
\eqnshift@=\dimen142
\alignsep@=\dimen143
\tagshift@=\dimen144
\tagwidth@=\dimen145
\totwidth@=\dimen146
\lineht@=\dimen147
\@envbody=\toks21
\multlinegap=\skip50
\multlinetaggap=\skip51
\mathdisplay@stack=\toks22
LaTeX Info: Redefining \[ on input line 2938.
LaTeX Info: Redefining \] on input line 2939.
) (/usr/share/texlive/texmf-dist/tex/generic/babel/babel.sty
Package: babel 2022/01/26 3.70 The Babel package
\babel@savecnt=\count272
\U@D=\dimen148
\l@unhyphenated=\language87
 (/usr/share/texlive/texmf-dist/tex/generic/babel/txtbabel.def)
\bbl@readstream=\read2
\bbl@dirlevel=\count273
 (/usr/share/texlive/texmf-dist/tex/generic/babel-german/ngerman.ldf
Language: ngerman 2021/02/27 v2.13 German support for babel (post-1996 orthography)
 (/usr/share/texlive/texmf-dist/tex/generic/babel-german/ngermanb.ldf
Language: ngermanb 2021/02/27 v2.13 German support for babel (post-1996 orthography)
Package babel Info: Making " an active character on input line 122.
))) (/usr/share/texlive/texmf-dist/tex/latex/enumitem/enumitem.sty
Package: enumitem 2019/06/20 v3.9 Customized lists
\enitkv@toks@=\toks23
\labelindent=\skip52
\enit@outerparindent=\dimen149
\enit@toks=\toks24
\enit@inbox=\box52
\enit@count@id=\count274
\enitdp@description=\count275
) (/usr/share/texlive/texmf-dist/tex/latex/translator/translator.sty
Package: translator 2021-05-31 v1.12d Easy translation of strings in LaTeX
 (/usr/share/texlive/texmf-dist/tex/latex/graphics/keyval.sty
Package: keyval 2014/10/28 v1.15 key=value parser (DPC)
\KV@toks@=\toks25
)) (/usr/share/texlive/texmf-dist/tex/latex/inconsolata/inconsolata.sty
Package: inconsolata 2019/05/17 v1.12
 `inconsolata-zi4' v1.12, 2019/05/17 Text macros for Inconsolata (msharpe) (/usr/share/texlive/texmf-dist/tex/latex/base/textcomp.sty
Package: textcomp 2020/02/02 v2.0n Standard LaTeX package
) (/usr/share/texlive/texmf-dist/tex/latex/xkeyval/xkeyval.sty
Package: xkeyval 2020/11/20 v2.8 package option processing (HA)
 (/usr/share/texlive/texmf-dist/tex/generic/xkeyval/xkeyval.tex (/usr/share/texlive/texmf-dist/tex/generic/xkeyval/xkvutils.tex
\XKV@toks=\toks26
\XKV@tempa@toks=\toks27
)
\XKV@depth=\count276
File: xkeyval.tex 2014/12/03 v2.7a key=value parser (HA)
))
\zifour@ocount=\count277
) (/usr/share/texlive/texmf-dist/tex/latex/graphics/graphicx.sty
Package: graphicx 2021/09/16 v1.2d Enhanced LaTeX Graphics (DPC,SPQR)
 (/usr/share/texlive/texmf-dist/tex/latex/graphics/graphics.sty
Package: graphics 2021/03/04 v1.4d Standard LaTeX Graphics (DPC,SPQR)
 (/usr/share/texlive/texmf-dist/tex/latex/graphics/trig.sty
Package: trig 2021/08/11 v1.11 sin cos tan (DPC)
) (/usr/share/texlive/texmf-dist/tex/latex/graphics-cfg/graphics.cfg
File: graphics.cfg 2016/06/04 v1.11 sample graphics configuration
)
Package graphics Info: Driver file: pdftex.def on input line 107.
 (/usr/share/texlive/texmf-dist/tex/latex/graphics-def/pdftex.def
File: pdftex.def 2020/10/05 v1.2a Graphics/color driver for pdftex
))
\Gin@req@height=\dimen150
\Gin@req@width=\dimen151
) (/usr/share/texlive/texmf-dist/tex/latex/tools/layout.sty
Package: layout 2021-03-10 v1.2e Show layout parameters
\oneinch=\count278
\cnt@paperwidth=\count279
\cnt@paperheight=\count280
\cnt@hoffset=\count281
\cnt@voffset=\count282
\cnt@textheight=\count283
\cnt@textwidth=\count284
\cnt@topmargin=\count285
\cnt@oddsidemargin=\count286
\cnt@evensidemargin=\count287
\cnt@headheight=\count288
\cnt@headsep=\count289
\cnt@marginparsep=\count290
\cnt@marginparwidth=\count291
\cnt@marginparpush=\count292
\cnt@footskip=\count293
\fheight=\count294
\ref@top=\count295
\ref@hoffset=\count296
\ref@voffset=\count297
\ref@head=\count298
\ref@body=\count299
\ref@foot=\count300
\ref@margin=\count301
\ref@marginwidth=\count302
\ref@marginpar=\count303
\Interval=\count304
\ExtraYPos=\count305
\PositionX=\count306
\PositionY=\count307
\ArrowLength=\count308
) (/usr/share/texlive/texmf-dist/tex/latex/listings/listings.sty
\lst@mode=\count309
\lst@gtempboxa=\box53
\lst@token=\toks28
\lst@length=\count310
\lst@currlwidth=\dimen152
\lst@column=\count311
\lst@pos=\count312
\lst@lostspace=\dimen153
\lst@width=\dimen154
\lst@newlines=\count313
\lst@lineno=\count314
\lst@maxwidth=\dimen155
 (/usr/share/texlive/texmf-dist/tex/latex/listings/lstmisc.sty
File: lstmisc.sty 2020/03/24 1.8d (Carsten Heinz)
\c@lstnumber=\count315
\lst@skipnumbers=\count316
\lst@framebox=\box54
) (/usr/share/texlive/texmf-dist/tex/latex/listings/listings.cfg
File: listings.cfg 2020/03/24 1.8d listings configuration
))
Package: listings 2020/03/24 1.8d (Carsten Heinz)
 (/usr/share/texlive/texmf-dist/tex/latex/fancyhdr/fancyhdr.sty
Package: fancyhdr 2021/01/28 v4.0.1 Extensive control of page headers and footers
\f@nch@headwidth=\skip53
\f@nch@O@elh=\skip54
\f@nch@O@erh=\skip55
\f@nch@O@olh=\skip56
\f@nch@O@orh=\skip57
\f@nch@O@elf=\skip58
\f@nch@O@erf=\skip59
\f@nch@O@olf=\skip60
\f@nch@O@orf=\skip61
) (/usr/share/texlive/texmf-dist/tex/latex/makecell/makecell.sty
Package: makecell 2009/08/03 V0.1e Managing of Tab Column Heads and Cells
 (/usr/share/texlive/texmf-dist/tex/latex/tools/array.sty
Package: array 2021/10/04 v2.5f Tabular extension package (FMi)
\col@sep=\dimen156
\ar@mcellbox=\box55
\extrarowheight=\dimen157
\NC@list=\toks29
\extratabsurround=\skip62
\backup@length=\skip63
\ar@cellbox=\box56
)
\rotheadsize=\dimen158
\c@nlinenum=\count317
\TeXr@lab=\toks30
) (/usr/share/texlive/texmf-dist/tex/latex/titlesec/titlesec.sty
Package: titlesec 2021/07/05 v2.14 Sectioning titles
\ttl@box=\box57
\beforetitleunit=\skip64
\aftertitleunit=\skip65
\ttl@plus=\dimen159
\ttl@minus=\dimen160
\ttl@toksa=\toks31
\titlewidth=\dimen161
\titlewidthlast=\dimen162
\titlewidthfirst=\dimen163
) (/usr/share/texlive/texmf-dist/tex/latex/roboto/roboto.sty
Package: roboto 2019/12/11 (Bob Tennent) Supports Roboto fonts for all LaTeX engines.
 (/usr/share/texlive/texmf-dist/tex/generic/iftex/ifxetex.sty
Package: ifxetex 2019/10/25 v0.7 ifxetex legacy package. Use iftex instead.
 (/usr/share/texlive/texmf-dist/tex/generic/iftex/iftex.sty
Package: iftex 2020/03/06 v1.0d TeX engine tests
)) (/usr/share/texlive/texmf-dist/tex/generic/iftex/ifluatex.sty
Package: ifluatex 2019/10/25 v1.5 ifluatex legacy package. Use iftex instead.
) (/usr/share/texlive/texmf-dist/tex/latex/base/fontenc.sty
Package: fontenc 2021/04/29 v2.0v Standard LaTeX package
LaTeX Font Info:    Trying to load font information for OT1+lmr on input line 112.
 (/usr/share/texmf/tex/latex/lm/ot1lmr.fd
File: ot1lmr.fd 2009/10/30 v1.6 Font defs for Latin Modern
)) (/usr/share/texlive/texmf-dist/tex/latex/fontaxes/fontaxes.sty
Package: fontaxes 2020/07/21 v1.0e Font selection axes
LaTeX Info: Redefining \upshape on input line 29.
LaTeX Info: Redefining \itshape on input line 31.
LaTeX Info: Redefining \slshape on input line 33.
LaTeX Info: Redefining \swshape on input line 35.
LaTeX Info: Redefining \scshape on input line 37.
LaTeX Info: Redefining \sscshape on input line 39.
LaTeX Info: Redefining \ulcshape on input line 41.
LaTeX Info: Redefining \textsw on input line 47.
LaTeX Info: Redefining \textssc on input line 48.
LaTeX Info: Redefining \textulc on input line 49.
)) (/usr/share/texlive/texmf-dist/tex/latex/sectsty/sectsty.sty
Package: sectsty 2002/02/25 v2.0.2 Commands to change all sectional heading styles


LaTeX Warning: Command \underbar  has changed.
               Check if current package is valid.


LaTeX Warning: Command \underline  has changed.
               Check if current package is valid.

) (/usr/share/texlive/texmf-dist/tex/latex/lastpage/lastpage.sty
Package: lastpage 2021/09/03 v1.2n Refers to last page's name (HMM; JPG)
) (/usr/share/texlive/texmf-dist/tex/latex/tools/longtable.sty
Package: longtable 2021-09-01 v4.17 Multi-page Table package (DPC)
\LTleft=\skip66
\LTright=\skip67
\LTpre=\skip68
\LTpost=\skip69
\LTchunksize=\count318
\LTcapwidth=\dimen164
\LT@head=\box58
\LT@firsthead=\box59
\LT@foot=\box60
\LT@lastfoot=\box61
\LT@gbox=\box62
\LT@cols=\count319
\LT@rows=\count320
\c@LT@tables=\count321
\c@LT@chunks=\count322
\LT@p@ftn=\toks32
) (/usr/share/texlive/texmf-dist/tex/latex/tools/tabularx.sty
Package: tabularx 2020/01/15 v2.11c `tabularx' package (DPC)
\TX@col@width=\dimen165
\TX@old@table=\dimen166
\TX@old@col=\dimen167
\TX@target=\dimen168
\TX@delta=\dimen169
\TX@cols=\count323
\TX@ftn=\toks33
) (/usr/share/texlive/texmf-dist/tex/latex/xcolor/xcolor.sty
Package: xcolor 2021/10/31 v2.13 LaTeX color extensions (UK)
 (/usr/share/texlive/texmf-dist/tex/latex/graphics-cfg/color.cfg
File: color.cfg 2016/01/02 v1.6 sample color configuration
)
Package xcolor Info: Driver file: pdftex.def on input line 227.
 (/usr/share/texlive/texmf-dist/tex/latex/colortbl/colortbl.sty
Package: colortbl 2020/01/04 v1.0e Color table columns (DPC)
\everycr=\toks34
\minrowclearance=\skip70
)
\rownum=\count324
Package xcolor Info: Model `cmy' substituted by `cmy0' on input line 1352.
Package xcolor Info: Model `hsb' substituted by `rgb' on input line 1356.
Package xcolor Info: Model `RGB' extended on input line 1368.
Package xcolor Info: Model `HTML' substituted by `rgb' on input line 1370.
Package xcolor Info: Model `Hsb' substituted by `hsb' on input line 1371.
Package xcolor Info: Model `tHsb' substituted by `hsb' on input line 1372.
Package xcolor Info: Model `HSB' substituted by `hsb' on input line 1373.
Package xcolor Info: Model `Gray' substituted by `gray' on input line 1374.
Package xcolor Info: Model `wave' substituted by `hsb' on input line 1375.
) (/usr/share/texlive/texmf-dist/tex/latex/pgf/frontendlayer/tikz.sty (/usr/share/texlive/texmf-dist/tex/latex/pgf/basiclayer/pgf.sty (/usr/share/texlive/texmf-dist/tex/latex/pgf/utilities/pgfrcs.sty (/usr/share/texlive/texmf-dist/tex/generic/pgf/utilities/pgfutil-common.tex
\pgfutil@everybye=\toks35
\pgfutil@tempdima=\dimen170
\pgfutil@tempdimb=\dimen171
 (/usr/share/texlive/texmf-dist/tex/generic/pgf/utilities/pgfutil-common-lists.tex)) (/usr/share/texlive/texmf-dist/tex/generic/pgf/utilities/pgfutil-latex.def
\pgfutil@abb=\box63
) (/usr/share/texlive/texmf-dist/tex/generic/pgf/utilities/pgfrcs.code.tex (/usr/share/texlive/texmf-dist/tex/generic/pgf/pgf.revision.tex)
Package: pgfrcs 2021/05/15 v3.1.9a (3.1.9a)
))
Package: pgf 2021/05/15 v3.1.9a (3.1.9a)
 (/usr/share/texlive/texmf-dist/tex/latex/pgf/basiclayer/pgfcore.sty (/usr/share/texlive/texmf-dist/tex/latex/pgf/systemlayer/pgfsys.sty (/usr/share/texlive/texmf-dist/tex/generic/pgf/systemlayer/pgfsys.code.tex
Package: pgfsys 2021/05/15 v3.1.9a (3.1.9a)
 (/usr/share/texlive/texmf-dist/tex/generic/pgf/utilities/pgfkeys.code.tex
\pgfkeys@pathtoks=\toks36
\pgfkeys@temptoks=\toks37
 (/usr/share/texlive/texmf-dist/tex/generic/pgf/utilities/pgfkeysfiltered.code.tex
\pgfkeys@tmptoks=\toks38
))
\pgf@x=\dimen172
\pgf@y=\dimen173
\pgf@xa=\dimen174
\pgf@ya=\dimen175
\pgf@xb=\dimen176
\pgf@yb=\dimen177
\pgf@xc=\dimen178
\pgf@yc=\dimen179
\pgf@xd=\dimen180
\pgf@yd=\dimen181
\w@pgf@writea=\write3
\r@pgf@reada=\read3
\c@pgf@counta=\count325
\c@pgf@countb=\count326
\c@pgf@countc=\count327
\c@pgf@countd=\count328
\t@pgf@toka=\toks39
\t@pgf@tokb=\toks40
\t@pgf@tokc=\toks41
\pgf@sys@id@count=\count329
 (/usr/share/texlive/texmf-dist/tex/generic/pgf/systemlayer/pgf.cfg
File: pgf.cfg 2021/05/15 v3.1.9a (3.1.9a)
)
Driver file for pgf: pgfsys-pdftex.def
 (/usr/share/texlive/texmf-dist/tex/generic/pgf/systemlayer/pgfsys-pdftex.def
File: pgfsys-pdftex.def 2021/05/15 v3.1.9a (3.1.9a)
 (/usr/share/texlive/texmf-dist/tex/generic/pgf/systemlayer/pgfsys-common-pdf.def
File: pgfsys-common-pdf.def 2021/05/15 v3.1.9a (3.1.9a)
))) (/usr/share/texlive/texmf-dist/tex/generic/pgf/systemlayer/pgfsyssoftpath.code.tex
File: pgfsyssoftpath.code.tex 2021/05/15 v3.1.9a (3.1.9a)
\pgfsyssoftpath@smallbuffer@items=\count330
\pgfsyssoftpath@bigbuffer@items=\count331
) (/usr/share/texlive/texmf-dist/tex/generic/pgf/systemlayer/pgfsysprotocol.code.tex
File: pgfsysprotocol.code.tex 2021/05/15 v3.1.9a (3.1.9a)
)) (/usr/share/texlive/texmf-dist/tex/generic/pgf/basiclayer/pgfcore.code.tex
Package: pgfcore 2021/05/15 v3.1.9a (3.1.9a)
 (/usr/share/texlive/texmf-dist/tex/generic/pgf/math/pgfmath.code.tex (/usr/share/texlive/texmf-dist/tex/generic/pgf/math/pgfmathcalc.code.tex (/usr/share/texlive/texmf-dist/tex/generic/pgf/math/pgfmathutil.code.tex) (/usr/share/texlive/texmf-dist/tex/generic/pgf/math/pgfmathparser.code.tex
\pgfmath@dimen=\dimen182
\pgfmath@count=\count332
\pgfmath@box=\box64
\pgfmath@toks=\toks42
\pgfmath@stack@operand=\toks43
\pgfmath@stack@operation=\toks44
) (/usr/share/texlive/texmf-dist/tex/generic/pgf/math/pgfmathfunctions.code.tex (/usr/share/texlive/texmf-dist/tex/generic/pgf/math/pgfmathfunctions.basic.code.tex) (/usr/share/texlive/texmf-dist/tex/generic/pgf/math/pgfmathfunctions.trigonometric.code.tex) (/usr/share/texlive/texmf-dist/tex/generic/pgf/math/pgfmathfunctions.random.code.tex) (/usr/share/texlive/texmf-dist/tex/generic/pgf/math/pgfmathfunctions.comparison.code.tex) (/usr/share/texlive/texmf-dist/tex/generic/pgf/math/pgfmathfunctions.base.code.tex) (/usr/share/texlive/texmf-dist/tex/generic/pgf/math/pgfmathfunctions.round.code.tex) (/usr/share/texlive/texmf-dist/tex/generic/pgf/math/pgfmathfunctions.misc.code.tex) (/usr/share/texlive/texmf-dist/tex/generic/pgf/math/pgfmathfunctions.integerarithmetics.code.tex))) (/usr/share/texlive/texmf-dist/tex/generic/pgf/math/pgfmathfloat.code.tex
\c@pgfmathroundto@lastzeros=\count333
)) (/usr/share/texlive/texmf-dist/tex/generic/pgf/math/pgfint.code.tex) (/usr/share/texlive/texmf-dist/tex/generic/pgf/basiclayer/pgfcorepoints.code.tex
File: pgfcorepoints.code.tex 2021/05/15 v3.1.9a (3.1.9a)
\pgf@picminx=\dimen183
\pgf@picmaxx=\dimen184
\pgf@picminy=\dimen185
\pgf@picmaxy=\dimen186
\pgf@pathminx=\dimen187
\pgf@pathmaxx=\dimen188
\pgf@pathminy=\dimen189
\pgf@pathmaxy=\dimen190
\pgf@xx=\dimen191
\pgf@xy=\dimen192
\pgf@yx=\dimen193
\pgf@yy=\dimen194
\pgf@zx=\dimen195
\pgf@zy=\dimen196
) (/usr/share/texlive/texmf-dist/tex/generic/pgf/basiclayer/pgfcorepathconstruct.code.tex
File: pgfcorepathconstruct.code.tex 2021/05/15 v3.1.9a (3.1.9a)
\pgf@path@lastx=\dimen197
\pgf@path@lasty=\dimen198
) (/usr/share/texlive/texmf-dist/tex/generic/pgf/basiclayer/pgfcorepathusage.code.tex
File: pgfcorepathusage.code.tex 2021/05/15 v3.1.9a (3.1.9a)
\pgf@shorten@end@additional=\dimen199
\pgf@shorten@start@additional=\dimen256
) (/usr/share/texlive/texmf-dist/tex/generic/pgf/basiclayer/pgfcorescopes.code.tex
File: pgfcorescopes.code.tex 2021/05/15 v3.1.9a (3.1.9a)
\pgfpic=\box65
\pgf@hbox=\box66
\pgf@layerbox@main=\box67
\pgf@picture@serial@count=\count334
) (/usr/share/texlive/texmf-dist/tex/generic/pgf/basiclayer/pgfcoregraphicstate.code.tex
File: pgfcoregraphicstate.code.tex 2021/05/15 v3.1.9a (3.1.9a)
\pgflinewidth=\dimen257
) (/usr/share/texlive/texmf-dist/tex/generic/pgf/basiclayer/pgfcoretransformations.code.tex
File: pgfcoretransformations.code.tex 2021/05/15 v3.1.9a (3.1.9a)
\pgf@pt@x=\dimen258
\pgf@pt@y=\dimen259
\pgf@pt@temp=\dimen260
) (/usr/share/texlive/texmf-dist/tex/generic/pgf/basiclayer/pgfcorequick.code.tex
File: pgfcorequick.code.tex 2021/05/15 v3.1.9a (3.1.9a)
) (/usr/share/texlive/texmf-dist/tex/generic/pgf/basiclayer/pgfcoreobjects.code.tex
File: pgfcoreobjects.code.tex 2021/05/15 v3.1.9a (3.1.9a)
) (/usr/share/texlive/texmf-dist/tex/generic/pgf/basiclayer/pgfcorepathprocessing.code.tex
File: pgfcorepathprocessing.code.tex 2021/05/15 v3.1.9a (3.1.9a)
) (/usr/share/texlive/texmf-dist/tex/generic/pgf/basiclayer/pgfcorearrows.code.tex
File: pgfcorearrows.code.tex 2021/05/15 v3.1.9a (3.1.9a)
\pgfarrowsep=\dimen261
) (/usr/share/texlive/texmf-dist/tex/generic/pgf/basiclayer/pgfcoreshade.code.tex
File: pgfcoreshade.code.tex 2021/05/15 v3.1.9a (3.1.9a)
\pgf@max=\dimen262
\pgf@sys@shading@range@num=\count335
\pgf@shadingcount=\count336
) (/usr/share/texlive/texmf-dist/tex/generic/pgf/basiclayer/pgfcoreimage.code.tex
File: pgfcoreimage.code.tex 2021/05/15 v3.1.9a (3.1.9a)
 (/usr/share/texlive/texmf-dist/tex/generic/pgf/basiclayer/pgfcoreexternal.code.tex
File: pgfcoreexternal.code.tex 2021/05/15 v3.1.9a (3.1.9a)
\pgfexternal@startupbox=\box68
)) (/usr/share/texlive/texmf-dist/tex/generic/pgf/basiclayer/pgfcorelayers.code.tex
File: pgfcorelayers.code.tex 2021/05/15 v3.1.9a (3.1.9a)
) (/usr/share/texlive/texmf-dist/tex/generic/pgf/basiclayer/pgfcoretransparency.code.tex
File: pgfcoretransparency.code.tex 2021/05/15 v3.1.9a (3.1.9a)
) (/usr/share/texlive/texmf-dist/tex/generic/pgf/basiclayer/pgfcorepatterns.code.tex
File: pgfcorepatterns.code.tex 2021/05/15 v3.1.9a (3.1.9a)
) (/usr/share/texlive/texmf-dist/tex/generic/pgf/basiclayer/pgfcorerdf.code.tex
File: pgfcorerdf.code.tex 2021/05/15 v3.1.9a (3.1.9a)
))) (/usr/share/texlive/texmf-dist/tex/generic/pgf/modules/pgfmoduleshapes.code.tex
File: pgfmoduleshapes.code.tex 2021/05/15 v3.1.9a (3.1.9a)
\pgfnodeparttextbox=\box69
) (/usr/share/texlive/texmf-dist/tex/generic/pgf/modules/pgfmoduleplot.code.tex
File: pgfmoduleplot.code.tex 2021/05/15 v3.1.9a (3.1.9a)
) (/usr/share/texlive/texmf-dist/tex/latex/pgf/compatibility/pgfcomp-version-0-65.sty
Package: pgfcomp-version-0-65 2021/05/15 v3.1.9a (3.1.9a)
\pgf@nodesepstart=\dimen263
\pgf@nodesepend=\dimen264
) (/usr/share/texlive/texmf-dist/tex/latex/pgf/compatibility/pgfcomp-version-1-18.sty
Package: pgfcomp-version-1-18 2021/05/15 v3.1.9a (3.1.9a)
)) (/usr/share/texlive/texmf-dist/tex/latex/pgf/utilities/pgffor.sty (/usr/share/texlive/texmf-dist/tex/latex/pgf/utilities/pgfkeys.sty (/usr/share/texlive/texmf-dist/tex/generic/pgf/utilities/pgfkeys.code.tex)) (/usr/share/texlive/texmf-dist/tex/latex/pgf/math/pgfmath.sty (/usr/share/texlive/texmf-dist/tex/generic/pgf/math/pgfmath.code.tex)) (/usr/share/texlive/texmf-dist/tex/generic/pgf/utilities/pgffor.code.tex
Package: pgffor 2021/05/15 v3.1.9a (3.1.9a)
 (/usr/share/texlive/texmf-dist/tex/generic/pgf/math/pgfmath.code.tex)
\pgffor@iter=\dimen265
\pgffor@skip=\dimen266
\pgffor@stack=\toks45
\pgffor@toks=\toks46
)) (/usr/share/texlive/texmf-dist/tex/generic/pgf/frontendlayer/tikz/tikz.code.tex
Package: tikz 2021/05/15 v3.1.9a (3.1.9a)
 (/usr/share/texlive/texmf-dist/tex/generic/pgf/libraries/pgflibraryplothandlers.code.tex
File: pgflibraryplothandlers.code.tex 2021/05/15 v3.1.9a (3.1.9a)
\pgf@plot@mark@count=\count337
\pgfplotmarksize=\dimen267
)
\tikz@lastx=\dimen268
\tikz@lasty=\dimen269
\tikz@lastxsaved=\dimen270
\tikz@lastysaved=\dimen271
\tikz@lastmovetox=\dimen272
\tikz@lastmovetoy=\dimen273
\tikzleveldistance=\dimen274
\tikzsiblingdistance=\dimen275
\tikz@figbox=\box70
\tikz@figbox@bg=\box71
\tikz@tempbox=\box72
\tikz@tempbox@bg=\box73
\tikztreelevel=\count338
\tikznumberofchildren=\count339
\tikznumberofcurrentchild=\count340
\tikz@fig@count=\count341
 (/usr/share/texlive/texmf-dist/tex/generic/pgf/modules/pgfmodulematrix.code.tex
File: pgfmodulematrix.code.tex 2021/05/15 v3.1.9a (3.1.9a)
\pgfmatrixcurrentrow=\count342
\pgfmatrixcurrentcolumn=\count343
\pgf@matrix@numberofcolumns=\count344
)
\tikz@expandcount=\count345
 (/usr/share/texlive/texmf-dist/tex/generic/pgf/frontendlayer/tikz/libraries/tikzlibrarytopaths.code.tex
File: tikzlibrarytopaths.code.tex 2021/05/15 v3.1.9a (3.1.9a)
))) (/usr/share/texlive/texmf-dist/tex/latex/lipsum/lipsum.sty (/usr/share/texlive/texmf-dist/tex/latex/l3packages/l3keys2e/l3keys2e.sty (/usr/share/texlive/texmf-dist/tex/latex/l3kernel/expl3.sty
Package: expl3 2022-01-21 L3 programming layer (loader) 
 (/usr/share/texlive/texmf-dist/tex/latex/l3backend/l3backend-pdftex.def
File: l3backend-pdftex.def 2022-01-12 L3 backend support: PDF output (pdfTeX)
\l__color_backend_stack_int=\count346
\l__pdf_internal_box=\box74
))
Package: l3keys2e 2022-01-12 LaTeX2e option processing using LaTeX3 keys
)
Package: lipsum 2021-09-20 v2.7 150 paragraphs of Lorem Ipsum dummy text
\g__lipsum_par_int=\count347
\l__lipsum_a_int=\count348
\l__lipsum_b_int=\count349
 (/usr/share/texlive/texmf-dist/tex/latex/lipsum/lipsum.ltd.tex)) (/usr/share/texlive/texmf-dist/tex/latex/multirow/multirow.sty
Package: multirow 2021/03/15 v2.8 Span multiple rows of a table
\multirow@colwidth=\skip71
\multirow@cntb=\count350
\multirow@dima=\skip72
\bigstrutjot=\dimen276
) (/usr/share/texlive/texmf-dist/tex/latex/float/float.sty
Package: float 2001/11/08 v1.3d Float enhancements (AL)
\c@float@type=\count351
\float@exts=\toks47
\float@box=\box75
\@float@everytoks=\toks48
\@floatcapt=\box76
) (/usr/share/texlive/texmf-dist/tex/latex/caption/caption.sty
Package: caption 2020/10/26 v3.5g Customizing captions (AR)
 (/usr/share/texlive/texmf-dist/tex/latex/caption/caption3.sty
Package: caption3 2020/10/21 v2.2e caption3 kernel (AR)
\captionmargin=\dimen277
\captionmargin@=\dimen278
\captionwidth=\dimen279
\caption@tempdima=\dimen280
\caption@indent=\dimen281
\caption@parindent=\dimen282
\caption@hangindent=\dimen283
Package caption Info: Standard document class detected.
)
\c@caption@flags=\count352
\c@continuedfloat=\count353
Package caption Info: float package is loaded.
Package caption Info: listings package is loaded.
Package caption Info: longtable package is loaded.
 (/usr/share/texlive/texmf-dist/tex/latex/caption/ltcaption.sty
Package: ltcaption 2020/05/30 v1.4b longtable captions (AR)
)) (/usr/share/texlive/texmf-dist/tex/latex/hyperref/hyperref.sty
Package: hyperref 2021-06-07 v7.00m Hypertext links for LaTeX
 (/usr/share/texlive/texmf-dist/tex/generic/ltxcmds/ltxcmds.sty
Package: ltxcmds 2020-05-10 v1.25 LaTeX kernel commands for general use (HO)
) (/usr/share/texlive/texmf-dist/tex/generic/pdftexcmds/pdftexcmds.sty
Package: pdftexcmds 2020-06-27 v0.33 Utility functions of pdfTeX for LuaTeX (HO)
 (/usr/share/texlive/texmf-dist/tex/generic/infwarerr/infwarerr.sty
Package: infwarerr 2019/12/03 v1.5 Providing info/warning/error messages (HO)
)
Package pdftexcmds Info: \pdf@primitive is available.
Package pdftexcmds Info: \pdf@ifprimitive is available.
Package pdftexcmds Info: \pdfdraftmode found.
) (/usr/share/texlive/texmf-dist/tex/generic/kvsetkeys/kvsetkeys.sty
Package: kvsetkeys 2019/12/15 v1.18 Key value parser (HO)
) (/usr/share/texlive/texmf-dist/tex/generic/kvdefinekeys/kvdefinekeys.sty
Package: kvdefinekeys 2019-12-19 v1.6 Define keys (HO)
) (/usr/share/texlive/texmf-dist/tex/generic/pdfescape/pdfescape.sty
Package: pdfescape 2019/12/09 v1.15 Implements pdfTeX's escape features (HO)
) (/usr/share/texlive/texmf-dist/tex/latex/hycolor/hycolor.sty
Package: hycolor 2020-01-27 v1.10 Color options for hyperref/bookmark (HO)
) (/usr/share/texlive/texmf-dist/tex/latex/letltxmacro/letltxmacro.sty
Package: letltxmacro 2019/12/03 v1.6 Let assignment for LaTeX macros (HO)
) (/usr/share/texlive/texmf-dist/tex/latex/auxhook/auxhook.sty
Package: auxhook 2019-12-17 v1.6 Hooks for auxiliary files (HO)
) (/usr/share/texlive/texmf-dist/tex/latex/kvoptions/kvoptions.sty
Package: kvoptions 2020-10-07 v3.14 Key value format for package options (HO)
)
\@linkdim=\dimen284
\Hy@linkcounter=\count354
\Hy@pagecounter=\count355
 (/usr/share/texlive/texmf-dist/tex/latex/hyperref/pd1enc.def
File: pd1enc.def 2021-06-07 v7.00m Hyperref: PDFDocEncoding definition (HO)
Now handling font encoding PD1 ...
... no UTF-8 mapping file for font encoding PD1
) (/usr/share/texlive/texmf-dist/tex/latex/hyperref/hyperref-langpatches.def
File: hyperref-langpatches.def 2021-06-07 v7.00m Hyperref: patches for babel languages
) (/usr/share/texlive/texmf-dist/tex/generic/intcalc/intcalc.sty
Package: intcalc 2019/12/15 v1.3 Expandable calculations with integers (HO)
) (/usr/share/texlive/texmf-dist/tex/generic/etexcmds/etexcmds.sty
Package: etexcmds 2019/12/15 v1.7 Avoid name clashes with e-TeX commands (HO)
)
\Hy@SavedSpaceFactor=\count356
 (/usr/share/texlive/texmf-dist/tex/latex/hyperref/puenc.def
File: puenc.def 2021-06-07 v7.00m Hyperref: PDF Unicode definition (HO)
Now handling font encoding PU ...
... no UTF-8 mapping file for font encoding PU
)
Package hyperref Info: Hyper figures OFF on input line 4192.
Package hyperref Info: Link nesting OFF on input line 4197.
Package hyperref Info: Hyper index ON on input line 4200.
Package hyperref Info: Plain pages OFF on input line 4207.
Package hyperref Info: Backreferencing OFF on input line 4212.
Package hyperref Info: Implicit mode ON; LaTeX internals redefined.
Package hyperref Info: Bookmarks ON on input line 4445.
\c@Hy@tempcnt=\count357
 (/usr/share/texlive/texmf-dist/tex/latex/url/url.sty
\Urlmuskip=\muskip17
Package: url 2013/09/16  ver 3.4  Verb mode for urls, etc.
)
LaTeX Info: Redefining \url on input line 4804.
\XeTeXLinkMargin=\dimen285
 (/usr/share/texlive/texmf-dist/tex/generic/bitset/bitset.sty
Package: bitset 2019/12/09 v1.3 Handle bit-vector datatype (HO)
 (/usr/share/texlive/texmf-dist/tex/generic/bigintcalc/bigintcalc.sty
Package: bigintcalc 2019/12/15 v1.5 Expandable calculations on big integers (HO)
))
\Fld@menulength=\count358
\Field@Width=\dimen286
\Fld@charsize=\dimen287
Package hyperref Info: Hyper figures OFF on input line 6076.
Package hyperref Info: Link nesting OFF on input line 6081.
Package hyperref Info: Hyper index ON on input line 6084.
Package hyperref Info: backreferencing OFF on input line 6091.
Package hyperref Info: Link coloring OFF on input line 6096.
Package hyperref Info: Link coloring with OCG OFF on input line 6101.
Package hyperref Info: PDF/A mode OFF on input line 6106.
LaTeX Info: Redefining \ref on input line 6146.
LaTeX Info: Redefining \pageref on input line 6150.
 (/usr/share/texlive/texmf-dist/tex/latex/base/atbegshi-ltx.sty
Package: atbegshi-ltx 2021/01/10 v1.0c Emulation of the original atbegshi
package with kernel methods
)
\Hy@abspage=\count359
\c@Item=\count360
\c@Hfootnote=\count361
)
Package hyperref Info: Driver (autodetected): hpdftex.
 (/usr/share/texlive/texmf-dist/tex/latex/hyperref/hpdftex.def
File: hpdftex.def 2021-06-07 v7.00m Hyperref driver for pdfTeX
 (/usr/share/texlive/texmf-dist/tex/latex/base/atveryend-ltx.sty
Package: atveryend-ltx 2020/08/19 v1.0a Emulation of the original atveryend package
with kernel methods
)
\Fld@listcount=\count362
\c@bookmark@seq@number=\count363
 (/usr/share/texlive/texmf-dist/tex/latex/rerunfilecheck/rerunfilecheck.sty
Package: rerunfilecheck 2019/12/05 v1.9 Rerun checks for auxiliary files (HO)
 (/usr/share/texlive/texmf-dist/tex/generic/uniquecounter/uniquecounter.sty
Package: uniquecounter 2019/12/15 v1.4 Provide unlimited unique counter (HO)
)
Package uniquecounter Info: New unique counter `rerunfilecheck' on input line 286.
)
\Hy@SectionHShift=\skip73
) (/usr/share/texlive/texmf-dist/tex/latex/geometry/geometry.sty
Package: geometry 2020/01/02 v5.9 Page Geometry
 (/usr/share/texlive/texmf-dist/tex/generic/iftex/ifvtex.sty
Package: ifvtex 2019/10/25 v1.7 ifvtex legacy package. Use iftex instead.
)
\Gm@cnth=\count364
\Gm@cntv=\count365
\c@Gm@tempcnt=\count366
\Gm@bindingoffset=\dimen288
\Gm@wd@mp=\dimen289
\Gm@odd@mp=\dimen290
\Gm@even@mp=\dimen291
\Gm@layoutwidth=\dimen292
\Gm@layoutheight=\dimen293
\Gm@layouthoffset=\dimen294
\Gm@layoutvoffset=\dimen295
\Gm@dimlist=\toks49
) (/usr/share/texlive/texmf-dist/tex/latex/pdflscape/pdflscape.sty
Package: pdflscape 2019/12/05 v0.12 Display of landscape pages in PDF (HO)
 (/usr/share/texlive/texmf-dist/tex/latex/graphics/lscape.sty
Package: lscape 2020/05/28 v3.02 Landscape Pages (DPC)
)
Package pdflscape Info: Auto-detected driver: pdftex on input line 81.
) (/usr/share/texlive/texmf-dist/tex/latex/koma-script/typearea.sty
Package: typearea 2021/11/13 v3.35 KOMA-Script package (type area)
 (/usr/share/texlive/texmf-dist/tex/latex/koma-script/scrkbase.sty
Package: scrkbase 2021/11/13 v3.35 KOMA-Script package (KOMA-Script-dependent basics and keyval usage)
 (/usr/share/texlive/texmf-dist/tex/latex/koma-script/scrbase.sty
Package: scrbase 2021/11/13 v3.35 KOMA-Script package (KOMA-Script-independent basics and keyval usage)
 (/usr/share/texlive/texmf-dist/tex/latex/koma-script/scrlfile.sty
Package: scrlfile 2021/11/13 v3.35 KOMA-Script package (file load hooks)
 (/usr/share/texlive/texmf-dist/tex/latex/koma-script/scrlfile-hook.sty
Package: scrlfile-hook 2021/11/13 v3.35 KOMA-Script package (using LaTeX hooks)
 (/usr/share/texlive/texmf-dist/tex/latex/koma-script/scrlogo.sty
Package: scrlogo 2021/11/13 v3.35 KOMA-Script package (logo)
)))
Applying: [2021/05/01] Usage of raw or classic option list on input line 252.
Already applied: [0000/00/00] Usage of raw or classic option list on input line 368.
))
\ta@bcor=\skip74
\ta@div=\count367
\ta@hblk=\skip75
\ta@vblk=\skip76
\ta@temp=\skip77
\footheight=\skip78
Package typearea Info: These are the values describing the layout:
(typearea)             DIV  = 12
(typearea)             BCOR = 0.0pt
(typearea)             \paperwidth      = 597.50793pt
(typearea)              \textwidth      = 448.13095pt
(typearea)              DIV departure   = -6%
(typearea)              \evensidemargin = 2.4185pt
(typearea)              \oddsidemargin  = 2.4185pt
(typearea)             \paperheight     = 845.04694pt
(typearea)              \textheight     = 635.5pt
(typearea)              \topmargin      = -41.72441pt
(typearea)              \headheight     = 18.125pt
(typearea)              \headsep        = 21.75pt
(typearea)              \topskip        = 12.0pt
(typearea)              \footskip       = 50.75pt
(typearea)              \baselineskip   = 14.5pt
(typearea)              on input line 1743.
) (/usr/share/texlive/texmf-dist/tex/latex/pgfgantt/pgfgantt.sty
Package: pgfgantt 2018/01/10 v5.0 Draw Gantt diagrams with TikZ
 (/usr/share/texlive/texmf-dist/tex/generic/pgf/frontendlayer/tikz/libraries/tikzlibraryarrows.code.tex
File: tikzlibraryarrows.code.tex 2021/05/15 v3.1.9a (3.1.9a)
 (/usr/share/texlive/texmf-dist/tex/generic/pgf/libraries/pgflibraryarrows.code.tex
File: pgflibraryarrows.code.tex 2021/05/15 v3.1.9a (3.1.9a)
\arrowsize=\dimen296
)) (/usr/share/texlive/texmf-dist/tex/generic/pgf/frontendlayer/tikz/libraries/tikzlibrarybackgrounds.code.tex
File: tikzlibrarybackgrounds.code.tex 2021/05/15 v3.1.9a (3.1.9a)
\pgf@layerbox@background=\box77
\pgf@layerboxsaved@background=\box78
) (/usr/share/texlive/texmf-dist/tex/generic/pgf/frontendlayer/tikz/libraries/tikzlibrarycalc.code.tex
File: tikzlibrarycalc.code.tex 2021/05/15 v3.1.9a (3.1.9a)
) (/usr/share/texlive/texmf-dist/tex/generic/pgf/frontendlayer/tikz/libraries/tikzlibrarypatterns.code.tex
File: tikzlibrarypatterns.code.tex 2021/05/15 v3.1.9a (3.1.9a)
 (/usr/share/texlive/texmf-dist/tex/generic/pgf/libraries/pgflibrarypatterns.code.tex
File: pgflibrarypatterns.code.tex 2021/05/15 v3.1.9a (3.1.9a)
)) (/usr/share/texlive/texmf-dist/tex/generic/pgf/frontendlayer/tikz/libraries/tikzlibrarypositioning.code.tex
File: tikzlibrarypositioning.code.tex 2021/05/15 v3.1.9a (3.1.9a)
) (/usr/share/texlive/texmf-dist/tex/generic/pgf/frontendlayer/tikz/libraries/tikzlibraryshapes.geometric.code.tex
File: tikzlibraryshapes.geometric.code.tex 2021/05/15 v3.1.9a (3.1.9a)
 (/usr/share/texlive/texmf-dist/tex/generic/pgf/libraries/shapes/pgflibraryshapes.geometric.code.tex
File: pgflibraryshapes.geometric.code.tex 2021/05/15 v3.1.9a (3.1.9a)
)) (/usr/share/texlive/texmf-dist/tex/latex/pgf/utilities/pgfcalendar.sty (/usr/share/texlive/texmf-dist/tex/generic/pgf/utilities/pgfcalendar.code.tex
File: pgfcalendar.code.tex 2021/05/15 v3.1.9a (3.1.9a)
 (/usr/share/texlive/texmf-dist/tex/generic/pgf/math/pgfint.code.tex)
\pgfcalendarcurrentjulian=\count368
\pgf@cal@easter@Y=\count369
\pgf@cal@easter@G=\count370
\pgf@cal@easter@C=\count371
\pgf@cal@easter@X=\count372
\pgf@cal@easter@Z=\count373
\pgf@cal@easter@D=\count374
\pgf@cal@easter@E=\count375
\pgf@cal@easter@N=\count376
\pgf@cal@easter@M=\count377
\pgf@cal@easter@julianday=\count378
))
\gtt@currentline=\count379
\gtt@lasttitleline=\count380
\gtt@currgrid=\count381
\gtt@chartwidth=\count382
\gtt@lasttitleslot=\count383
\gtt@elementid=\count384
\gtt@today@slot=\count385
\gtt@startjulian=\count386
\gtt@endjulian=\count387
\gtt@chartid=\count388
\gtt@vrule@slot=\count389
\gtt@calendar@slots=\count390
\gtt@calendar@weeknumber=\count391
\gtt@calendar@startofweek=\count392
\gtt@left@slot=\count393
\gtt@right@slot=\count394
) (/usr/share/texlive/texmf-dist/tex/latex/wrapfig/wrapfig.sty
\wrapoverhang=\dimen297
\WF@size=\dimen298
\c@WF@wrappedlines=\count395
\WF@box=\box79
\WF@everypar=\toks50
Package: wrapfig 2003/01/31  v 3.6
) (/usr/share/texlive/texmf-dist/tex/generic/soulutf8/soulutf8.sty
Package: soulutf8 2019/12/15 v1.2 Permit use of UTF-8 characters in soul (HO)
 (/usr/share/texlive/texmf-dist/tex/generic/soul/soul.sty
Package: soul 2003/11/17 v2.4 letterspacing/underlining (mf)
\SOUL@word=\toks51
\SOUL@lasttoken=\toks52
\SOUL@cmds=\toks53
\SOUL@buffer=\toks54
\SOUL@token=\toks55
\SOUL@spaceskip=\skip79
\SOUL@ttwidth=\dimen299
\SOUL@uldp=\dimen300
\SOUL@ulht=\dimen301
)) (/usr/share/texlive/texmf-dist/tex/latex/pdfpages/pdfpages.sty
Package: pdfpages 2022/01/29 v0.5u Insert pages of external PDF documents (AM)

(/usr/share/texlive/texmf-dist/tex/latex/base/ifthen.sty
Package: ifthen 2020/11/24 v1.1c Standard LaTeX ifthen package (DPC)
) (/usr/share/texlive/texmf-dist/tex/latex/tools/calc.sty
Package: calc 2017/05/25 v4.3 Infix arithmetic (KKT,FJ)
\calc@Acount=\count396
\calc@Bcount=\count397
\calc@Adimen=\dimen302
\calc@Bdimen=\dimen303
\calc@Askip=\skip80
\calc@Bskip=\skip81
LaTeX Info: Redefining \setlength on input line 80.
LaTeX Info: Redefining \addtolength on input line 81.
\calc@Ccount=\count398
\calc@Cskip=\skip82
) (/usr/share/texlive/texmf-dist/tex/latex/eso-pic/eso-pic.sty
Package: eso-pic 2020/10/14 v3.0a eso-pic (RN)
\ESO@tempdima=\dimen304
\ESO@tempdimb=\dimen305
)
\AM@pagewidth=\dimen306
\AM@pageheight=\dimen307
\AM@fboxrule=\dimen308
 (/usr/share/texlive/texmf-dist/tex/latex/pdfpages/pppdftex.def
File: pppdftex.def 2022/01/29 v0.5u Pdfpages driver for pdfTeX (AM)
)
\pdfpages@includegraphics@status=\count399
\AM@pagebox=\box80
\AM@global@opts=\toks56
\AM@pagecnt=\count400
\AM@toc@title=\toks57
\c@AM@survey=\count401
\AM@templatesizebox=\box81
) (/usr/share/texlive/texmf-dist/tex/latex/titlesec/titletoc.sty
Package: titletoc 2021/07/05 v2.14 TOC entries
\ttl@leftsep=\dimen309
) (/usr/share/texlive/texmf-dist/tex/latex/tocloft/tocloft.sty
Package: tocloft 2017/08/31 v2.3i parameterised ToC, etc., typesetting
Package tocloft Info: The document has chapter divisions on input line 51.
\cftparskip=\skip83
\cftbeforetoctitleskip=\skip84
\cftaftertoctitleskip=\skip85
\cftbeforepartskip=\skip86
\cftpartnumwidth=\skip87
\cftpartindent=\skip88
\cftbeforechapskip=\skip89
\cftchapindent=\skip90
\cftchapnumwidth=\skip91
\cftbeforesecskip=\skip92
\cftsecindent=\skip93
\cftsecnumwidth=\skip94
\cftbeforesubsecskip=\skip95
\cftsubsecindent=\skip96
\cftsubsecnumwidth=\skip97
\cftbeforesubsubsecskip=\skip98
\cftsubsubsecindent=\skip99
\cftsubsubsecnumwidth=\skip100
\cftbeforeparaskip=\skip101
\cftparaindent=\skip102
\cftparanumwidth=\skip103
\cftbeforesubparaskip=\skip104
\cftsubparaindent=\skip105
\cftsubparanumwidth=\skip106
\cftbeforeloftitleskip=\skip107
\cftafterloftitleskip=\skip108
\cftbeforefigskip=\skip109
\cftfigindent=\skip110
\cftfignumwidth=\skip111
\c@lofdepth=\count402
\c@lotdepth=\count403
\cftbeforelottitleskip=\skip112
\cftafterlottitleskip=\skip113
\cftbeforetabskip=\skip114
\cfttabindent=\skip115
\cfttabnumwidth=\skip116
) (/usr/share/texlive/texmf-dist/tex/latex/listings/lstlang1.sty
File: lstlang1.sty 2020/03/24 1.8d listings language file
) (/usr/share/texlive/texmf-dist/tex/latex/listings/lstlang2.sty
File: lstlang2.sty 2020/03/24 1.8d listings language file
)
Package hyperref Info: Option `colorlinks' set `true' on input line 49.
\c@highlight=\count404
 (./ipa.aux (./titlePage.aux) (./part1.aux) (./part2.aux) (./part3.aux))
\openout1 = `ipa.aux'.

LaTeX Font Info:    Checking defaults for OML/cmm/m/it on input line 193.
LaTeX Font Info:    ... okay on input line 193.
LaTeX Font Info:    Checking defaults for OMS/cmsy/m/n on input line 193.
LaTeX Font Info:    ... okay on input line 193.
LaTeX Font Info:    Checking defaults for OT1/cmr/m/n on input line 193.
LaTeX Font Info:    ... okay on input line 193.
LaTeX Font Info:    Checking defaults for T1/cmr/m/n on input line 193.
LaTeX Font Info:    ... okay on input line 193.
LaTeX Font Info:    Checking defaults for TS1/cmr/m/n on input line 193.
LaTeX Font Info:    ... okay on input line 193.
LaTeX Font Info:    Checking defaults for OMX/cmex/m/n on input line 193.
LaTeX Font Info:    ... okay on input line 193.
LaTeX Font Info:    Checking defaults for U/cmr/m/n on input line 193.
LaTeX Font Info:    ... okay on input line 193.
LaTeX Font Info:    Checking defaults for PD1/pdf/m/n on input line 193.
LaTeX Font Info:    ... okay on input line 193.
LaTeX Font Info:    Checking defaults for PU/pdf/m/n on input line 193.
LaTeX Font Info:    ... okay on input line 193.
 (/usr/share/texlive/texmf-dist/tex/latex/translator/translator-months-dictionary-English.dict
Dictionary: translator-months-dictionary, Language: English 
) (/usr/share/texlive/texmf-dist/tex/latex/translator/translator-months-dictionary-German.dict
Dictionary: translator-months-dictionary, Language: German 
) (/usr/share/texlive/texmf-dist/tex/latex/upquote/upquote.sty
Package: upquote 2012/04/19 v1.3 upright-quote and grave-accent glyphs in verbatim
) (/usr/share/texlive/texmf-dist/tex/context/base/mkii/supp-pdf.mkii
[Loading MPS to PDF converter (version 2006.09.02).]
\scratchcounter=\count405
\scratchdimen=\dimen310
\scratchbox=\box82
\nofMPsegments=\count406
\nofMParguments=\count407
\everyMPshowfont=\toks58
\MPscratchCnt=\count408
\MPscratchDim=\dimen311
\MPnumerator=\count409
\makeMPintoPDFobject=\count410
\everyMPtoPDFconversion=\toks59
) (/usr/share/texlive/texmf-dist/tex/latex/epstopdf-pkg/epstopdf-base.sty
Package: epstopdf-base 2020-01-24 v2.11 Base part for package epstopdf
Package epstopdf-base Info: Redefining graphics rule for `.eps' on input line 485.
 (/usr/share/texlive/texmf-dist/tex/latex/latexconfig/epstopdf-sys.cfg
File: epstopdf-sys.cfg 2010/07/13 v1.3 Configuration of (r)epstopdf for TeX Live
))
\c@lstlisting=\count411
\c@mv@tabular=\count412
\c@mv@boldtabular=\count413
Package lastpage Info: Please have a look at the pageslts package at
(lastpage)             https://www.ctan.org/pkg/pageslts
(lastpage)             ! on input line 193.
Package caption Info: Begin \AtBeginDocument code.
Package caption Info: hyperref package is loaded.
Package caption Info: wrapfig package is loaded.
Package caption Info: End \AtBeginDocument code.
Package hyperref Info: Link coloring ON on input line 193.
 (/usr/share/texlive/texmf-dist/tex/latex/hyperref/nameref.sty
Package: nameref 2021-04-02 v2.47 Cross-referencing by name of section
 (/usr/share/texlive/texmf-dist/tex/latex/refcount/refcount.sty
Package: refcount 2019/12/15 v3.6 Data extraction from label references (HO)
) (/usr/share/texlive/texmf-dist/tex/generic/gettitlestring/gettitlestring.sty
Package: gettitlestring 2019/12/15 v1.6 Cleanup title references (HO)
)
\c@section@level=\count414
)
LaTeX Info: Redefining \ref on input line 193.
LaTeX Info: Redefining \pageref on input line 193.
LaTeX Info: Redefining \nameref on input line 193.
 (./ipa.out) (./ipa.out)
\@outlinefile=\write4
\openout4 = `ipa.out'.


*geometry* driver: auto-detecting
*geometry* detected driver: pdftex
*geometry* verbose mode - [ preamble ] result:
* driver: pdftex
* paper: <default>
* layout: <same size as paper>
* layoutoffset:(h,v)=(0.0pt,0.0pt)
* modes: 
* h-part:(L,W,R)=(92.14519pt, 430.00462pt, 92.14519pt)
* v-part:(T,H,B)=(95.39737pt, 556.47656pt, 143.09605pt)
* \paperwidth=597.50793pt
* \paperheight=845.04694pt
* \textwidth=400.0pt
* \textheight=650.0pt
* \oddsidemargin=25.0pt
* \evensidemargin=2.4185pt
* \topmargin=-41.72441pt
* \headheight=33.0pt
* \headsep=15.0pt
* \topskip=12.0pt
* \footskip=20.0pt
* \marginparwidth=49.79233pt
* \marginparsep=12.8401pt
* \columnsep=10.0pt
* \skip\footins=10.8pt plus 4.0pt minus 2.0pt
* \hoffset=0.0pt
* \voffset=0.0pt
* \mag=1000
* \@twocolumnfalse
* \@twosidefalse
* \@mparswitchfalse
* \@reversemarginfalse
* (1in=72.27pt=25.4mm, 1cm=28.453pt)

\openout2 = `titlePage.aux'.

(./titlePage.tex
LaTeX Font Info:    Trying to load font information for OML+lmm on input line 6.
 (/usr/share/texmf/tex/latex/lm/omllmm.fd
File: omllmm.fd 2009/10/30 v1.6 Font defs for Latin Modern
)
LaTeX Font Info:    Trying to load font information for OMS+lmsy on input line 6.
 (/usr/share/texmf/tex/latex/lm/omslmsy.fd
File: omslmsy.fd 2009/10/30 v1.6 Font defs for Latin Modern
)
LaTeX Font Info:    Trying to load font information for OMX+lmex on input line 6.
 (/usr/share/texmf/tex/latex/lm/omxlmex.fd
File: omxlmex.fd 2009/10/30 v1.6 Font defs for Latin Modern
)
LaTeX Font Info:    External font `lmex10' loaded for size
(Font)              <12> on input line 6.
LaTeX Font Info:    External font `lmex10' loaded for size
(Font)              <8> on input line 6.
LaTeX Font Info:    External font `lmex10' loaded for size
(Font)              <6> on input line 6.
 [1


{/var/lib/texmf/fonts/map/pdftex/updmap/pdftex.map}])
\openout2 = `part1.aux'.

 (./part1.tex
<bilder//puzzle_tagline_blau.png, id=418, 311.1625pt x 81.30376pt>
File: bilder//puzzle_tagline_blau.png Graphic file (type png)
<use bilder//puzzle_tagline_blau.png>
Package pdftex.def Info: bilder//puzzle_tagline_blau.png  used on input line 2.
(pdftex.def)             Requested size: 82.51282pt x 21.55902pt.

Overfull \hbox (26.79134pt too wide) has occurred while \output is active
[][]|  
 []


Overfull \hbox (26.79134pt too wide) has occurred while \output is active
 [][]|
 []

pdfTeX warning (ext4): destination with the same identifier (name{page.1}) has been already used, duplicate ignored
<to be read again> 
                   \relax 
l.2     }
          [1




 <./bilder//puzzle_tagline_blau.png>] (./ipa.toc
LaTeX Font Info:    External font `lmex10' loaded for size
(Font)              <14.4> on input line 2.
LaTeX Font Info:    External font `lmex10' loaded for size
(Font)              <10> on input line 2.
LaTeX Font Info:    External font `lmex10' loaded for size
(Font)              <7> on input line 2.
File: bilder//puzzle_tagline_blau.png Graphic file (type png)
<use bilder//puzzle_tagline_blau.png>
Package pdftex.def Info: bilder//puzzle_tagline_blau.png  used on input line 36.
(pdftex.def)             Requested size: 82.51282pt x 21.55902pt.

Overfull \hbox (26.79134pt too wide) has occurred while \output is active
[][]|  
 []


Overfull \hbox (26.79134pt too wide) has occurred while \output is active
 [][]|
 []

[2]
File: bilder//puzzle_tagline_blau.png Graphic file (type png)
<use bilder//puzzle_tagline_blau.png>
Package pdftex.def Info: bilder//puzzle_tagline_blau.png  used on input line 74.
(pdftex.def)             Requested size: 82.51282pt x 21.55902pt.

Overfull \hbox (26.79134pt too wide) has occurred while \output is active
[][]|  
 []


Overfull \hbox (26.79134pt too wide) has occurred while \output is active
 [][]|
 []

[3])
\tf@toc=\write5
\openout5 = `ipa.toc'.

File: bilder//puzzle_tagline_blau.png Graphic file (type png)
<use bilder//puzzle_tagline_blau.png>
Package pdftex.def Info: bilder//puzzle_tagline_blau.png  used on input line 6.
(pdftex.def)             Requested size: 82.51282pt x 21.55902pt.

Overfull \hbox (26.79134pt too wide) has occurred while \output is active
[][]|  
 []


Overfull \hbox (26.79134pt too wide) has occurred while \output is active
 [][]|
 []

[4]
Kapitel 1.
File: bilder//puzzle_tagline_blau.png Graphic file (type png)
<use bilder//puzzle_tagline_blau.png>
Package pdftex.def Info: bilder//puzzle_tagline_blau.png  used on input line 21.
(pdftex.def)             Requested size: 82.51282pt x 21.55902pt.

Overfull \hbox (26.79134pt too wide) has occurred while \output is active
[][]|  
 []


Overfull \hbox (26.79134pt too wide) has occurred while \output is active
 [][]|
 []

[5

]
LaTeX Font Info:    Trying to load font information for TS1+lmr on input line 23.
 (/usr/share/texmf/tex/latex/lm/ts1lmr.fd
File: ts1lmr.fd 2009/10/30 v1.6 Font defs for Latin Modern
)
File: bilder//puzzle_tagline_blau.png Graphic file (type png)
<use bilder//puzzle_tagline_blau.png>
Package pdftex.def Info: bilder//puzzle_tagline_blau.png  used on input line 43.
(pdftex.def)             Requested size: 82.51282pt x 21.55902pt.

Overfull \hbox (26.79134pt too wide) has occurred while \output is active
[][]|  
 []


Overfull \hbox (26.79134pt too wide) has occurred while \output is active
 [][]|
 []

[6]
File: bilder//puzzle_tagline_blau.png Graphic file (type png)
<use bilder//puzzle_tagline_blau.png>
Package pdftex.def Info: bilder//puzzle_tagline_blau.png  used on input line 53.
(pdftex.def)             Requested size: 82.51282pt x 21.55902pt.

Overfull \hbox (26.79134pt too wide) has occurred while \output is active
[][]|  
 []


Overfull \hbox (26.79134pt too wide) has occurred while \output is active
 [][]|
 []

[7]
File: bilder//puzzle_tagline_blau.png Graphic file (type png)
<use bilder//puzzle_tagline_blau.png>
Package pdftex.def Info: bilder//puzzle_tagline_blau.png  used on input line 98.
(pdftex.def)             Requested size: 82.51282pt x 21.55902pt.

Overfull \hbox (26.79134pt too wide) has occurred while \output is active
[][]|  
 []


Overfull \hbox (26.79134pt too wide) has occurred while \output is active
 [][]|
 []

[8]
File: bilder//puzzle_tagline_blau.png Graphic file (type png)
<use bilder//puzzle_tagline_blau.png>
Package pdftex.def Info: bilder//puzzle_tagline_blau.png  used on input line 115.
(pdftex.def)             Requested size: 82.51282pt x 21.55902pt.

Overfull \hbox (26.79134pt too wide) has occurred while \output is active
[][]|  
 []


Overfull \hbox (26.79134pt too wide) has occurred while \output is active
 [][]|
 []

[9]
Kapitel 2.
LaTeX Font Info:    Trying to load font information for OT1+zi4 on input line 127.
(/usr/share/texlive/texmf-dist/tex/latex/inconsolata/ot1zi4.fd
File: ot1zi4.fd 2018/01/14 OT1/zi4 (Inconsolata)
)
LaTeX Font Info:    Font shape `OT1/zi4/m/n' will be
(Font)              scaled to size 12.0pt on input line 127.
File: bilder//puzzle_tagline_blau.png Graphic file (type png)
<use bilder//puzzle_tagline_blau.png>
Package pdftex.def Info: bilder//puzzle_tagline_blau.png  used on input line 143.
(pdftex.def)             Requested size: 82.51282pt x 21.55902pt.

Overfull \hbox (26.79134pt too wide) has occurred while \output is active
[][]|  
 []


Overfull \hbox (26.79134pt too wide) has occurred while \output is active
 [][]|
 []

[10

]
File: bilder//puzzle_tagline_blau.png Graphic file (type png)
<use bilder//puzzle_tagline_blau.png>
Package pdftex.def Info: bilder//puzzle_tagline_blau.png  used on input line 166.
(pdftex.def)             Requested size: 82.51282pt x 21.55902pt.

Overfull \hbox (26.79134pt too wide) has occurred while \output is active
[][]|  
 []


Overfull \hbox (26.79134pt too wide) has occurred while \output is active
 [][]|
 []

[11]
File: bilder//puzzle_tagline_blau.png Graphic file (type png)
<use bilder//puzzle_tagline_blau.png>
Package pdftex.def Info: bilder//puzzle_tagline_blau.png  used on input line 209.
(pdftex.def)             Requested size: 82.51282pt x 21.55902pt.

Overfull \hbox (26.79134pt too wide) has occurred while \output is active
[][]|  
 []


Overfull \hbox (26.79134pt too wide) has occurred while \output is active
 [][]|
 []

[12]
Kapitel 3.
File: bilder//puzzle_tagline_blau.png Graphic file (type png)
<use bilder//puzzle_tagline_blau.png>
Package pdftex.def Info: bilder//puzzle_tagline_blau.png  used on input line 222.
(pdftex.def)             Requested size: 82.51282pt x 21.55902pt.

Overfull \hbox (26.79134pt too wide) has occurred while \output is active
[][]|  
 []


Overfull \hbox (26.79134pt too wide) has occurred while \output is active
 [][]|
 []

[13

]
Kapitel 4.
File: bilder//puzzle_tagline_blau.png Graphic file (type png)
<use bilder//puzzle_tagline_blau.png>
Package pdftex.def Info: bilder//puzzle_tagline_blau.png  used on input line 253.
(pdftex.def)             Requested size: 82.51282pt x 21.55902pt.

Overfull \hbox (26.79134pt too wide) has occurred while \output is active
[][]|  
 []


Overfull \hbox (26.79134pt too wide) has occurred while \output is active
 [][]|
 []

[14

]

LaTeX Warning: Hyper reference `sec:savusb' on page 15 undefined on input line 284.


LaTeX Warning: Hyper reference `sec:savgit' on page 15 undefined on input line 285.

File: bilder//puzzle_tagline_blau.png Graphic file (type png)
<use bilder//puzzle_tagline_blau.png>
Package pdftex.def Info: bilder//puzzle_tagline_blau.png  used on input line 288.
(pdftex.def)             Requested size: 82.51282pt x 21.55902pt.

Overfull \hbox (26.79134pt too wide) has occurred while \output is active
[][]|  
 []


Overfull \hbox (26.79134pt too wide) has occurred while \output is active
 [][]|
 []

[15]
Kapitel 5.
File: bilder//puzzle_tagline_blau.png Graphic file (type png)
<use bilder//puzzle_tagline_blau.png>
Package pdftex.def Info: bilder//puzzle_tagline_blau.png  used on input line 306.
(pdftex.def)             Requested size: 82.51282pt x 21.55902pt.

Overfull \hbox (26.79134pt too wide) has occurred while \output is active
[][]|  
 []


Overfull \hbox (26.79134pt too wide) has occurred while \output is active
 [][]|
 []

[16

]
File: bilder//puzzle_tagline_blau.png Graphic file (type png)
<use bilder//puzzle_tagline_blau.png>
Package pdftex.def Info: bilder//puzzle_tagline_blau.png  used on input line 338.
(pdftex.def)             Requested size: 82.51282pt x 21.55902pt.

Overfull \hbox (26.79134pt too wide) has occurred while \output is active
[][]|  
 []


Overfull \hbox (26.79134pt too wide) has occurred while \output is active
 [][]|
 []

[17]
File: bilder//puzzle_tagline_blau.png Graphic file (type png)
<use bilder//puzzle_tagline_blau.png>
Package pdftex.def Info: bilder//puzzle_tagline_blau.png  used on input line 356.
(pdftex.def)             Requested size: 82.51282pt x 21.55902pt.

Overfull \hbox (26.79134pt too wide) has occurred while \output is active
[][]|  
 []


Overfull \hbox (26.79134pt too wide) has occurred while \output is active
 [][]|
 []

[18]
Kapitel 6.
<bilder//scrum_roles.drawio.png, id=636, 612.2875pt x 363.3575pt>
File: bilder//scrum_roles.drawio.png Graphic file (type png)
<use bilder//scrum_roles.drawio.png>
Package pdftex.def Info: bilder//scrum_roles.drawio.png  used on input line 360.
(pdftex.def)             Requested size: 400.0pt x 237.37715pt.
File: bilder//puzzle_tagline_blau.png Graphic file (type png)
<use bilder//puzzle_tagline_blau.png>
Package pdftex.def Info: bilder//puzzle_tagline_blau.png  used on input line 398.
(pdftex.def)             Requested size: 82.51282pt x 21.55902pt.

Overfull \hbox (26.79134pt too wide) has occurred while \output is active
[][]|  
 []


Overfull \hbox (26.79134pt too wide) has occurred while \output is active
 [][]|
 []

[19

 <./bilder//scrum_roles.drawio.png>]
File: bilder//puzzle_tagline_blau.png Graphic file (type png)
<use bilder//puzzle_tagline_blau.png>
Package pdftex.def Info: bilder//puzzle_tagline_blau.png  used on input line 400.
(pdftex.def)             Requested size: 82.51282pt x 21.55902pt.

Overfull \hbox (26.79134pt too wide) has occurred while \output is active
[][]|  
 []


Overfull \hbox (26.79134pt too wide) has occurred while \output is active
 [][]|
 []

[20]
<bilder//rollenverteilung_ipa.drawio.png, id=649, 640.3925pt x 489.83pt>
File: bilder//rollenverteilung_ipa.drawio.png Graphic file (type png)
<use bilder//rollenverteilung_ipa.drawio.png>
Package pdftex.def Info: bilder//rollenverteilung_ipa.drawio.png  used on input line 405.
(pdftex.def)             Requested size: 400.0pt x 305.96361pt.
 (./zeitplan.tex
File: bilder//puzzle_tagline_blau.png Graphic file (type png)
<use bilder//puzzle_tagline_blau.png>
Package pdftex.def Info: bilder//puzzle_tagline_blau.png  used on input line 1.
(pdftex.def)             Requested size: 82.51282pt x 21.55902pt.

Overfull \hbox (26.79134pt too wide) has occurred while \output is active
[][]|  
 []


Overfull \hbox (26.79134pt too wide) has occurred while \output is active
 [][]|
 []

[21 <./bilder//rollenverteilung_ipa.drawio.png>]
Kapitel 7.
File: bilder//puzzle_tagline_blau.png Graphic file (type png)
<use bilder//puzzle_tagline_blau.png>
Package pdftex.def Info: bilder//puzzle_tagline_blau.png  used on input line 6.
(pdftex.def)             Requested size: 82.51282pt x 21.55902pt.

Overfull \hbox (26.79134pt too wide) has occurred while \output is active
[][]|  
 []


Overfull \hbox (26.79134pt too wide) has occurred while \output is active
 [][]|
 []

[22

]

Package typearea Warning: \typearea used at group level 2.
(typearea)                Using \typearea inside any group, e.g.
(typearea)                environments, math mode, boxes, etc. may result in
(typearea)                many type setting problems.
(typearea)                You should move the command \typearea
(typearea)                outside all groups on input line 8.


Package typearea Warning: Bad type area settings!
(typearea)                The detected line width is about 116%
(typearea)                larger than the heuristically estimated maximum
(typearea)                limit of typographical good line width.
(typearea)                You should e.g. decrease DIV, (increase fontsize)
(typearea)                or change papersize.

Package typearea Info: These are the values describing the layout:
(typearea)             DIV  = 12
(typearea)             BCOR = 0.0pt
(typearea)             \paperwidth      = 1195.01587pt
(typearea)              \textwidth      = 896.2619pt
(typearea)              DIV departure   = -116%
(typearea)              \evensidemargin = 77.107pt
(typearea)              \oddsidemargin  = 77.107pt
(typearea)             \paperheight     = 845.04694pt
(typearea)              \textheight     = 635.5pt
(typearea)              \topmargin      = -41.72441pt
(typearea)              \headheight     = 18.125pt
(typearea)              \headsep        = 21.75pt
(typearea)              \topskip        = 12.0pt
(typearea)              \footskip       = 50.75pt
(typearea)              \baselineskip   = 14.5pt
(typearea)              on input line 8.
Package typearea Info: Using dirty hack to recalculate internal output
(typearea)             dimensions of LaTeX on input line 8.
Package typearea Info: These are the values describing the layout:
(typearea)             DIV  = areaset
(typearea)             BCOR = 0.0pt
(typearea)             \paperwidth      = 1195.01587pt
(typearea)              \textwidth      = 1166.56313pt
(typearea)              \evensidemargin = -58.04364pt
(typearea)              \oddsidemargin  = -58.04364pt
(typearea)             \paperheight     = 845.04694pt
(typearea)              \textheight     = 688.5568pt
(typearea)              \topmargin      = -58.85661pt
(typearea)              \headheight     = 17.0pt
(typearea)              \headsep        = 21.75pt
(typearea)              \topskip        = 12.0pt
(typearea)              \footskip       = 50.75pt
(typearea)              \baselineskip   = 14.5pt
(typearea)              on input line 11.
Package typearea Info: Using dirty hack to recalculate internal output
(typearea)             dimensions of LaTeX on input line 11.

Package typearea Warning: \typearea used at group level 2.
(typearea)                Using \typearea inside any group, e.g.
(typearea)                environments, math mode, boxes, etc. may result in
(typearea)                many type setting problems.
(typearea)                You should move the command \typearea
(typearea)                outside all groups on input line 12.

Package typearea Info: These are the values describing the layout:
(typearea)             DIV  = areaset
(typearea)             BCOR = 0.0pt
(typearea)             \paperwidth      = 1195.01587pt
(typearea)              \textwidth      = 1166.56313pt
(typearea)              \evensidemargin = -58.04364pt
(typearea)              \oddsidemargin  = -58.04364pt
(typearea)             \paperheight     = 845.04694pt
(typearea)              \textheight     = 688.5568pt
(typearea)              \topmargin      = -58.85661pt
(typearea)              \headheight     = 17.0pt
(typearea)              \headsep        = 21.75pt
(typearea)              \topskip        = 12.0pt
(typearea)              \footskip       = 50.75pt
(typearea)              \baselineskip   = 14.5pt
(typearea)              on input line 12.
Package typearea Info: Using dirty hack to recalculate internal output
(typearea)             dimensions of LaTeX on input line 12.

Package typearea Warning: \zeitplan used at group level 2.
(typearea)                Using \zeitplan inside any group, e.g.
(typearea)                environments, math mode, boxes, etc. may result in
(typearea)                many type setting problems.
(typearea)                You should move the command \zeitplan
(typearea)                outside all groups on input line 20.

)
Kapitel 8.
(./journal/tag1.tex
File: bilder//puzzle_tagline_blau.png Graphic file (type png)
<use bilder//puzzle_tagline_blau.png>
Package pdftex.def Info: bilder//puzzle_tagline_blau.png  used on input line 37.
(pdftex.def)             Requested size: 82.51282pt x 21.55902pt.

Overfull \hbox (26.79134pt too wide) has occurred while \output is active
[][]|  
 []


Overfull \hbox (26.79134pt too wide) has occurred while \output is active
 [][]|
 []

[23


]
File: bilder//puzzle_tagline_blau.png Graphic file (type png)
<use bilder//puzzle_tagline_blau.png>
Package pdftex.def Info: bilder//puzzle_tagline_blau.png  used on input line 67.
(pdftex.def)             Requested size: 82.51282pt x 21.55902pt.

Overfull \hbox (26.79134pt too wide) has occurred while \output is active
[][]|  
 []


Overfull \hbox (26.79134pt too wide) has occurred while \output is active
 [][]|
 []

[24])
File: bilder//puzzle_tagline_blau.png Graphic file (type png)
<use bilder//puzzle_tagline_blau.png>
Package pdftex.def Info: bilder//puzzle_tagline_blau.png  used on input line 438.
(pdftex.def)             Requested size: 82.51282pt x 21.55902pt.

Overfull \hbox (26.79134pt too wide) has occurred while \output is active
[][]|  
 []


Overfull \hbox (26.79134pt too wide) has occurred while \output is active
 [][]|
 []

[25] (./journal/tag2.tex
File: bilder//puzzle_tagline_blau.png Graphic file (type png)
<use bilder//puzzle_tagline_blau.png>
Package pdftex.def Info: bilder//puzzle_tagline_blau.png  used on input line 42.
(pdftex.def)             Requested size: 82.51282pt x 21.55902pt.

Overfull \hbox (26.79134pt too wide) has occurred while \output is active
[][]|  
 []


Overfull \hbox (26.79134pt too wide) has occurred while \output is active
 [][]|
 []

[26]
File: bilder//puzzle_tagline_blau.png Graphic file (type png)
<use bilder//puzzle_tagline_blau.png>
Package pdftex.def Info: bilder//puzzle_tagline_blau.png  used on input line 69.
(pdftex.def)             Requested size: 82.51282pt x 21.55902pt.

Overfull \hbox (26.79134pt too wide) has occurred while \output is active
[][]|  
 []


Overfull \hbox (26.79134pt too wide) has occurred while \output is active
 [][]|
 []

[27])
File: bilder//puzzle_tagline_blau.png Graphic file (type png)
<use bilder//puzzle_tagline_blau.png>
Package pdftex.def Info: bilder//puzzle_tagline_blau.png  used on input line 439.
(pdftex.def)             Requested size: 82.51282pt x 21.55902pt.

Overfull \hbox (26.79134pt too wide) has occurred while \output is active
[][]|  
 []


Overfull \hbox (26.79134pt too wide) has occurred while \output is active
 [][]|
 []

[28] (./journal/tag3.tex
File: bilder//puzzle_tagline_blau.png Graphic file (type png)
<use bilder//puzzle_tagline_blau.png>
Package pdftex.def Info: bilder//puzzle_tagline_blau.png  used on input line 47.
(pdftex.def)             Requested size: 82.51282pt x 21.55902pt.

Overfull \hbox (26.79134pt too wide) has occurred while \output is active
[][]|  
 []


Overfull \hbox (26.79134pt too wide) has occurred while \output is active
 [][]|
 []

[29])
File: bilder//puzzle_tagline_blau.png Graphic file (type png)
<use bilder//puzzle_tagline_blau.png>
Package pdftex.def Info: bilder//puzzle_tagline_blau.png  used on input line 440.
(pdftex.def)             Requested size: 82.51282pt x 21.55902pt.

Overfull \hbox (26.79134pt too wide) has occurred while \output is active
[][]|  
 []


Overfull \hbox (26.79134pt too wide) has occurred while \output is active
 [][]|
 []

[30] (./journal/tag4.tex)
File: bilder//puzzle_tagline_blau.png Graphic file (type png)
<use bilder//puzzle_tagline_blau.png>
Package pdftex.def Info: bilder//puzzle_tagline_blau.png  used on input line 441.
(pdftex.def)             Requested size: 82.51282pt x 21.55902pt.

Overfull \hbox (26.79134pt too wide) has occurred while \output is active
[][]|  
 []


Overfull \hbox (26.79134pt too wide) has occurred while \output is active
 [][]|
 []

[31] (./journal/tag5.tex)
File: bilder//puzzle_tagline_blau.png Graphic file (type png)
<use bilder//puzzle_tagline_blau.png>
Package pdftex.def Info: bilder//puzzle_tagline_blau.png  used on input line 442.
(pdftex.def)             Requested size: 82.51282pt x 21.55902pt.

Overfull \hbox (26.79134pt too wide) has occurred while \output is active
[][]|  
 []


Overfull \hbox (26.79134pt too wide) has occurred while \output is active
 [][]|
 []

[32] (./journal/tag6.tex)
File: bilder//puzzle_tagline_blau.png Graphic file (type png)
<use bilder//puzzle_tagline_blau.png>
Package pdftex.def Info: bilder//puzzle_tagline_blau.png  used on input line 443.
(pdftex.def)             Requested size: 82.51282pt x 21.55902pt.

Overfull \hbox (26.79134pt too wide) has occurred while \output is active
[][]|  
 []


Overfull \hbox (26.79134pt too wide) has occurred while \output is active
 [][]|
 []

[33] (./journal/tag7.tex)
File: bilder//puzzle_tagline_blau.png Graphic file (type png)
<use bilder//puzzle_tagline_blau.png>
Package pdftex.def Info: bilder//puzzle_tagline_blau.png  used on input line 444.
(pdftex.def)             Requested size: 82.51282pt x 21.55902pt.

Overfull \hbox (26.79134pt too wide) has occurred while \output is active
[][]|  
 []


Overfull \hbox (26.79134pt too wide) has occurred while \output is active
 [][]|
 []

[34] (./journal/tag8.tex)
File: bilder//puzzle_tagline_blau.png Graphic file (type png)
<use bilder//puzzle_tagline_blau.png>
Package pdftex.def Info: bilder//puzzle_tagline_blau.png  used on input line 445.
(pdftex.def)             Requested size: 82.51282pt x 21.55902pt.

Overfull \hbox (26.79134pt too wide) has occurred while \output is active
[][]|  
 []


Overfull \hbox (26.79134pt too wide) has occurred while \output is active
 [][]|
 []

[35] (./journal/tag9.tex)
File: bilder//puzzle_tagline_blau.png Graphic file (type png)
<use bilder//puzzle_tagline_blau.png>
Package pdftex.def Info: bilder//puzzle_tagline_blau.png  used on input line 446.
(pdftex.def)             Requested size: 82.51282pt x 21.55902pt.

Overfull \hbox (26.79134pt too wide) has occurred while \output is active
[][]|  
 []


Overfull \hbox (26.79134pt too wide) has occurred while \output is active
 [][]|
 []

[36] (./journal/tag10.tex)
File: bilder//puzzle_tagline_blau.png Graphic file (type png)
<use bilder//puzzle_tagline_blau.png>
Package pdftex.def Info: bilder//puzzle_tagline_blau.png  used on input line 447.
(pdftex.def)             Requested size: 82.51282pt x 21.55902pt.

Overfull \hbox (26.79134pt too wide) has occurred while \output is active
[][]|  
 []


Overfull \hbox (26.79134pt too wide) has occurred while \output is active
 [][]|
 []

[37]
Kapitel 9.
)
File: bilder//puzzle_tagline_blau.png Graphic file (type png)
<use bilder//puzzle_tagline_blau.png>
Package pdftex.def Info: bilder//puzzle_tagline_blau.png  used on input line 200.
(pdftex.def)             Requested size: 82.51282pt x 21.55902pt.

Overfull \hbox (26.79134pt too wide) has occurred while \output is active
[][]|  
 []


Overfull \hbox (26.79134pt too wide) has occurred while \output is active
 [][]|
 []

[38

]
\openout2 = `part2.aux'.

 (./part2.tex
LaTeX Font Info:    External font `lmex10' loaded for size
(Font)              <24.88> on input line 8.
LaTeX Font Info:    External font `lmex10' loaded for size
(Font)              <20.74> on input line 8.
LaTeX Font Info:    External font `lmex10' loaded for size
(Font)              <17.28> on input line 8.
File: bilder//puzzle_tagline_blau.png Graphic file (type png)
<use bilder//puzzle_tagline_blau.png>
Package pdftex.def Info: bilder//puzzle_tagline_blau.png  used on input line 8.
(pdftex.def)             Requested size: 82.51282pt x 21.55902pt.

Overfull \hbox (26.79134pt too wide) has occurred while \output is active
[][]|  
 []


Overfull \hbox (26.79134pt too wide) has occurred while \output is active
 [][]|
 []

[39




]
Kapitel 10.
<bilder//puzzle-house.png, id=814, 983.675pt x 554.07pt>
File: bilder//puzzle-house.png Graphic file (type png)
<use bilder//puzzle-house.png>
Package pdftex.def Info: bilder//puzzle-house.png  used on input line 17.
(pdftex.def)             Requested size: 400.0pt x 225.30174pt.
File: bilder//puzzle_tagline_blau.png Graphic file (type png)
<use bilder//puzzle_tagline_blau.png>
Package pdftex.def Info: bilder//puzzle_tagline_blau.png  used on input line 33.
(pdftex.def)             Requested size: 82.51282pt x 21.55902pt.

Overfull \hbox (26.79134pt too wide) has occurred while \output is active
[][]|  
 []


Overfull \hbox (26.79134pt too wide) has occurred while \output is active
 [][]|
 []

[40

 <./bilder//puzzle-house.png>]
File: bilder//puzzle_tagline_blau.png Graphic file (type png)
<use bilder//puzzle_tagline_blau.png>
Package pdftex.def Info: bilder//puzzle_tagline_blau.png  used on input line 46.
(pdftex.def)             Requested size: 82.51282pt x 21.55902pt.

Overfull \hbox (26.79134pt too wide) has occurred while \output is active
[][]|  
 []


Overfull \hbox (26.79134pt too wide) has occurred while \output is active
 [][]|
 []

[41]
Kapitel 11.
<bilder//hitobito_header.drawio.png, id=825, 1045.9075pt x 270.00874pt>
File: bilder//hitobito_header.drawio.png Graphic file (type png)
<use bilder//hitobito_header.drawio.png>
Package pdftex.def Info: bilder//hitobito_header.drawio.png  used on input line 57.
(pdftex.def)             Requested size: 400.0pt x 103.26358pt.

Overfull \hbox (6.79999pt too wide) in paragraph at lines 57--58
 [][] 
 []

File: bilder//puzzle_tagline_blau.png Graphic file (type png)
<use bilder//puzzle_tagline_blau.png>
Package pdftex.def Info: bilder//puzzle_tagline_blau.png  used on input line 61.
(pdftex.def)             Requested size: 82.51282pt x 21.55902pt.

Overfull \hbox (26.79134pt too wide) has occurred while \output is active
[][]|  
 []


Overfull \hbox (26.79134pt too wide) has occurred while \output is active
 [][]|
 []

[42

 <./bilder//hitobito_header.drawio.png>]
<bilder//hitobito_person_list_filter.drawio.png, id=833, 1392.20125pt x 422.57875pt>
File: bilder//hitobito_person_list_filter.drawio.png Graphic file (type png)
<use bilder//hitobito_person_list_filter.drawio.png>
Package pdftex.def Info: bilder//hitobito_person_list_filter.drawio.png  used on input line 67.
(pdftex.def)             Requested size: 400.0pt x 121.40984pt.

Overfull \hbox (6.79999pt too wide) in paragraph at lines 67--68
 [][] 
 []

<bilder//save_filter.drawio.png, id=834, 1045.9075pt x 222.8325pt>
File: bilder//save_filter.drawio.png Graphic file (type png)
<use bilder//save_filter.drawio.png>
Package pdftex.def Info: bilder//save_filter.drawio.png  used on input line 75.
(pdftex.def)             Requested size: 400.0pt x 85.22125pt.

Overfull \hbox (6.79999pt too wide) in paragraph at lines 75--76
 [][] 
 []

File: bilder//puzzle_tagline_blau.png Graphic file (type png)
<use bilder//puzzle_tagline_blau.png>
Package pdftex.def Info: bilder//puzzle_tagline_blau.png  used on input line 79.
(pdftex.def)             Requested size: 82.51282pt x 21.55902pt.

Overfull \hbox (26.79134pt too wide) has occurred while \output is active
[][]|  
 []


Overfull \hbox (26.79134pt too wide) has occurred while \output is active
 [][]|
 []

[43 <./bilder//hitobito_person_list_filter.drawio.png> <./bilder//save_filter.drawio.png>]
<bilder//person_filter.png, id=843, 1250.6725pt x 543.02875pt>
File: bilder//person_filter.png Graphic file (type png)
<use bilder//person_filter.png>
Package pdftex.def Info: bilder//person_filter.png  used on input line 84.
(pdftex.def)             Requested size: 400.0pt x 173.67331pt.
File: bilder//puzzle_tagline_blau.png Graphic file (type png)
<use bilder//puzzle_tagline_blau.png>
Package pdftex.def Info: bilder//puzzle_tagline_blau.png  used on input line 103.
(pdftex.def)             Requested size: 82.51282pt x 21.55902pt.

Overfull \hbox (26.79134pt too wide) has occurred while \output is active
[][]|  
 []


Overfull \hbox (26.79134pt too wide) has occurred while \output is active
 [][]|
 []

[44 <./bilder//person_filter.png>]
<bilder//hitobito_global_conditions.drawio.png, id=852, 1045.9075pt x 576.1525pt>
File: bilder//hitobito_global_conditions.drawio.png Graphic file (type png)
<use bilder//hitobito_global_conditions.drawio.png>
Package pdftex.def Info: bilder//hitobito_global_conditions.drawio.png  used on input line 110.
(pdftex.def)             Requested size: 400.0pt x 220.34683pt.

Overfull \hbox (6.79999pt too wide) in paragraph at lines 110--111
 [][] 
 []

<bilder//hitobito_filter_conditions.drawio.png, id=853, 1757.56625pt x 451.6875pt>
File: bilder//hitobito_filter_conditions.drawio.png Graphic file (type png)
<use bilder//hitobito_filter_conditions.drawio.png>
Package pdftex.def Info: bilder//hitobito_filter_conditions.drawio.png  used on input line 120.
(pdftex.def)             Requested size: 400.0pt x 102.79697pt.

Overfull \hbox (6.79999pt too wide) in paragraph at lines 120--121
 [][] 
 []

File: bilder//puzzle_tagline_blau.png Graphic file (type png)
<use bilder//puzzle_tagline_blau.png>
Package pdftex.def Info: bilder//puzzle_tagline_blau.png  used on input line 124.
(pdftex.def)             Requested size: 82.51282pt x 21.55902pt.

Overfull \hbox (26.79134pt too wide) has occurred while \output is active
[][]|  
 []


Overfull \hbox (26.79134pt too wide) has occurred while \output is active
 [][]|
 []

[45 <./bilder//hitobito_global_conditions.drawio.png> <./bilder//hitobito_filter_conditions.drawio.png>]
<bilder//hitobito_filter_created.drawio.png, id=862, 1678.27pt x 531.9875pt>
File: bilder//hitobito_filter_created.drawio.png Graphic file (type png)
<use bilder//hitobito_filter_created.drawio.png>
Package pdftex.def Info: bilder//hitobito_filter_created.drawio.png  used on input line 131.
(pdftex.def)             Requested size: 400.0pt x 126.7948pt.

Overfull \hbox (6.79999pt too wide) in paragraph at lines 131--132
 [][] 
 []

<bilder//subscriptions_erd.drawio.png, id=863, 633.36626pt x 61.22874pt>
File: bilder//subscriptions_erd.drawio.png Graphic file (type png)
<use bilder//subscriptions_erd.drawio.png>
Package pdftex.def Info: bilder//subscriptions_erd.drawio.png  used on input line 138.
(pdftex.def)             Requested size: 400.0pt x 38.66959pt.
File: bilder//puzzle_tagline_blau.png Graphic file (type png)
<use bilder//puzzle_tagline_blau.png>
Package pdftex.def Info: bilder//puzzle_tagline_blau.png  used on input line 146.
(pdftex.def)             Requested size: 82.51282pt x 21.55902pt.

Overfull \hbox (26.79134pt too wide) has occurred while \output is active
[][]|  
 []


Overfull \hbox (26.79134pt too wide) has occurred while \output is active
 [][]|
 []

[46 <./bilder//hitobito_filter_created.drawio.png> <./bilder//subscriptions_erd.drawio.png>]
<subscriptions_filter.drawio.png, id=872, 1250.6725pt x 543.02875pt>
File: subscriptions_filter.drawio.png Graphic file (type png)
<use subscriptions_filter.drawio.png>
Package pdftex.def Info: subscriptions_filter.drawio.png  used on input line 152.
(pdftex.def)             Requested size: 400.0pt x 173.67331pt.
File: bilder//puzzle_tagline_blau.png Graphic file (type png)
<use bilder//puzzle_tagline_blau.png>
Package pdftex.def Info: bilder//puzzle_tagline_blau.png  used on input line 188.
(pdftex.def)             Requested size: 82.51282pt x 21.55902pt.

Overfull \hbox (26.79134pt too wide) has occurred while \output is active
[][]|  
 []


Overfull \hbox (26.79134pt too wide) has occurred while \output is active
 [][]|
 []

[47 <./subscriptions_filter.drawio.png>]
File: bilder//puzzle_tagline_blau.png Graphic file (type png)
<use bilder//puzzle_tagline_blau.png>
Package pdftex.def Info: bilder//puzzle_tagline_blau.png  used on input line 247.
(pdftex.def)             Requested size: 82.51282pt x 21.55902pt.

Overfull \hbox (26.79134pt too wide) has occurred while \output is active
[][]|  
 []


Overfull \hbox (26.79134pt too wide) has occurred while \output is active
 [][]|
 []

[48]
File: bilder//puzzle_tagline_blau.png Graphic file (type png)
<use bilder//puzzle_tagline_blau.png>
Package pdftex.def Info: bilder//puzzle_tagline_blau.png  used on input line 290.
(pdftex.def)             Requested size: 82.51282pt x 21.55902pt.

Overfull \hbox (26.79134pt too wide) has occurred while \output is active
[][]|  
 []


Overfull \hbox (26.79134pt too wide) has occurred while \output is active
 [][]|
 []

[49]
File: bilder//puzzle_tagline_blau.png Graphic file (type png)
<use bilder//puzzle_tagline_blau.png>
Package pdftex.def Info: bilder//puzzle_tagline_blau.png  used on input line 339.
(pdftex.def)             Requested size: 82.51282pt x 21.55902pt.

Overfull \hbox (26.79134pt too wide) has occurred while \output is active
[][]|  
 []


Overfull \hbox (26.79134pt too wide) has occurred while \output is active
 [][]|
 []

[50]
Kapitel 12.
<bilder//hitobito_use_case_diagram.drawio.png, id=904, 374.39874pt x 392.46625pt>
File: bilder//hitobito_use_case_diagram.drawio.png Graphic file (type png)
<use bilder//hitobito_use_case_diagram.drawio.png>
Package pdftex.def Info: bilder//hitobito_use_case_diagram.drawio.png  used on input line 349.
(pdftex.def)             Requested size: 340.00244pt x 356.4262pt.
File: bilder//puzzle_tagline_blau.png Graphic file (type png)
<use bilder//puzzle_tagline_blau.png>
Package pdftex.def Info: bilder//puzzle_tagline_blau.png  used on input line 354.
(pdftex.def)             Requested size: 82.51282pt x 21.55902pt.

Overfull \hbox (26.79134pt too wide) has occurred while \output is active
[][]|  
 []


Overfull \hbox (26.79134pt too wide) has occurred while \output is active
 [][]|
 []

[51

 <./bilder//hitobito_use_case_diagram.drawio.png>]
File: bilder//puzzle_tagline_blau.png Graphic file (type png)
<use bilder//puzzle_tagline_blau.png>
Package pdftex.def Info: bilder//puzzle_tagline_blau.png  used on input line 381.
(pdftex.def)             Requested size: 82.51282pt x 21.55902pt.

Overfull \hbox (26.79134pt too wide) has occurred while \output is active
[][]|  
 []


Overfull \hbox (26.79134pt too wide) has occurred while \output is active
 [][]|
 []

[52]
File: bilder//puzzle_tagline_blau.png Graphic file (type png)
<use bilder//puzzle_tagline_blau.png>
Package pdftex.def Info: bilder//puzzle_tagline_blau.png  used on input line 429.
(pdftex.def)             Requested size: 82.51282pt x 21.55902pt.

Overfull \hbox (26.79134pt too wide) has occurred while \output is active
[][]|  
 []


Overfull \hbox (26.79134pt too wide) has occurred while \output is active
 [][]|
 []

[53]
File: bilder//puzzle_tagline_blau.png Graphic file (type png)
<use bilder//puzzle_tagline_blau.png>
Package pdftex.def Info: bilder//puzzle_tagline_blau.png  used on input line 456.
(pdftex.def)             Requested size: 82.51282pt x 21.55902pt.

Overfull \hbox (26.79134pt too wide) has occurred while \output is active
[][]|  
 []


Overfull \hbox (26.79134pt too wide) has occurred while \output is active
 [][]|
 []

[54]
<bilder//hitobito_systemarchitektur.drawio.png, id=936, 603.25375pt x 81.30376pt>
File: bilder//hitobito_systemarchitektur.drawio.png Graphic file (type png)
<use bilder//hitobito_systemarchitektur.drawio.png>
Package pdftex.def Info: bilder//hitobito_systemarchitektur.drawio.png  used on input line 466.
(pdftex.def)             Requested size: 400.0pt x 53.90999pt.
File: bilder//puzzle_tagline_blau.png Graphic file (type png)
<use bilder//puzzle_tagline_blau.png>
Package pdftex.def Info: bilder//puzzle_tagline_blau.png  used on input line 484.
(pdftex.def)             Requested size: 82.51282pt x 21.55902pt.

Overfull \hbox (26.79134pt too wide) has occurred while \output is active
[][]|  
 []


Overfull \hbox (26.79134pt too wide) has occurred while \output is active
 [][]|
 []

[55 <./bilder//hitobito_systemarchitektur.drawio.png>]
<bilder//hitobtio_personlist_filter_classstructure.drawio.png, id=943, 814.04124pt x 351.3125pt>
File: bilder//hitobtio_personlist_filter_classstructure.drawio.png Graphic file (type png)
<use bilder//hitobtio_personlist_filter_classstructure.drawio.png>
Package pdftex.def Info: bilder//hitobtio_personlist_filter_classstructure.drawio.png  used on input line 492.
(pdftex.def)             Requested size: 400.0pt x 172.62708pt.
File: bilder//puzzle_tagline_blau.png Graphic file (type png)
<use bilder//puzzle_tagline_blau.png>
Package pdftex.def Info: bilder//puzzle_tagline_blau.png  used on input line 510.
(pdftex.def)             Requested size: 82.51282pt x 21.55902pt.

Overfull \hbox (26.79134pt too wide) has occurred while \output is active
[][]|  
 []


Overfull \hbox (26.79134pt too wide) has occurred while \output is active
 [][]|
 []

[56 <./bilder//hitobtio_personlist_filter_classstructure.drawio.png>]
<bilder//hitobito_subscription_filter.drawio.png, id=950, 1093.08376pt x 713.66624pt>
File: bilder//hitobito_subscription_filter.drawio.png Graphic file (type png)
<use bilder//hitobito_subscription_filter.drawio.png>
Package pdftex.def Info: bilder//hitobito_subscription_filter.drawio.png  used on input line 515.
(pdftex.def)             Requested size: 400.0pt x 261.15572pt.
File: bilder//puzzle_tagline_blau.png Graphic file (type png)
<use bilder//puzzle_tagline_blau.png>
Package pdftex.def Info: bilder//puzzle_tagline_blau.png  used on input line 532.
(pdftex.def)             Requested size: 82.51282pt x 21.55902pt.

Overfull \hbox (26.79134pt too wide) has occurred while \output is active
[][]|  
 []


Overfull \hbox (26.79134pt too wide) has occurred while \output is active
 [][]|
 []

[57 <./bilder//hitobito_subscription_filter.drawio.png>]
File: bilder//puzzle_tagline_blau.png Graphic file (type png)
<use bilder//puzzle_tagline_blau.png>
Package pdftex.def Info: bilder//puzzle_tagline_blau.png  used on input line 542.
(pdftex.def)             Requested size: 82.51282pt x 21.55902pt.

Overfull \hbox (26.79134pt too wide) has occurred while \output is active
[][]|  
 []


Overfull \hbox (26.79134pt too wide) has occurred while \output is active
 [][]|
 []

[58]
Kapitel 13.
(./testprotokoll.tex
Overfull \hbox (5.19876pt too wide) in paragraph at lines 7--26
[][] 
 []

)
File: bilder//puzzle_tagline_blau.png Graphic file (type png)
<use bilder//puzzle_tagline_blau.png>
Package pdftex.def Info: bilder//puzzle_tagline_blau.png  used on input line 546.
(pdftex.def)             Requested size: 82.51282pt x 21.55902pt.

Overfull \hbox (26.79134pt too wide) has occurred while \output is active
[][]|  
 []


Overfull \hbox (26.79134pt too wide) has occurred while \output is active
 [][]|
 []

[59

]
Kapitel 14.
File: bilder//puzzle_tagline_blau.png Graphic file (type png)
<use bilder//puzzle_tagline_blau.png>
Package pdftex.def Info: bilder//puzzle_tagline_blau.png  used on input line 548.
(pdftex.def)             Requested size: 82.51282pt x 21.55902pt.

Overfull \hbox (26.79134pt too wide) has occurred while \output is active
[][]|  
 []


Overfull \hbox (26.79134pt too wide) has occurred while \output is active
 [][]|
 []

[60

]
Kapitel 15.
)
File: bilder//puzzle_tagline_blau.png Graphic file (type png)
<use bilder//puzzle_tagline_blau.png>
Package pdftex.def Info: bilder//puzzle_tagline_blau.png  used on input line 201.
(pdftex.def)             Requested size: 82.51282pt x 21.55902pt.

Overfull \hbox (26.79134pt too wide) has occurred while \output is active
[][]|  
 []


Overfull \hbox (26.79134pt too wide) has occurred while \output is active
 [][]|
 []

[61

]
\openout2 = `part3.aux'.

 (./part3.tex
File: bilder//puzzle_tagline_blau.png Graphic file (type png)
<use bilder//puzzle_tagline_blau.png>
Package pdftex.def Info: bilder//puzzle_tagline_blau.png  used on input line 8.
(pdftex.def)             Requested size: 82.51282pt x 21.55902pt.

Overfull \hbox (26.79134pt too wide) has occurred while \output is active
[][]|  
 []


Overfull \hbox (26.79134pt too wide) has occurred while \output is active
 [][]|
 []

[62




]
Kapitel 16.
(./ipa.lot
File: bilder//puzzle_tagline_blau.png Graphic file (type png)
<use bilder//puzzle_tagline_blau.png>
Package pdftex.def Info: bilder//puzzle_tagline_blau.png  used on input line 55.
(pdftex.def)             Requested size: 82.51282pt x 21.55902pt.

Overfull \hbox (26.79134pt too wide) has occurred while \output is active
[][]|  
 []


Overfull \hbox (26.79134pt too wide) has occurred while \output is active
 [][]|
 []

[63

])
\tf@lot=\write6
\openout6 = `ipa.lot'.

 (./ipa.lof)
\tf@lof=\write7
\openout7 = `ipa.lof'.

 (./ipa.lol)
\tf@lol=\write8
\openout8 = `ipa.lol'.

File: bilder//puzzle_tagline_blau.png Graphic file (type png)
<use bilder//puzzle_tagline_blau.png>
Package pdftex.def Info: bilder//puzzle_tagline_blau.png  used on input line 19.
(pdftex.def)             Requested size: 82.51282pt x 21.55902pt.

Overfull \hbox (26.79134pt too wide) has occurred while \output is active
[][]|  
 []


Overfull \hbox (26.79134pt too wide) has occurred while \output is active
 [][]|
 []

[64]
Underfull \hbox (badness 10000) in paragraph at lines 20--21
[][][]$\OT1/zi4/m/n/12 TODO : URLeinf \OMS/lmsy/m/n/12 n \OT1/zi4/m/n/12 protect \OMS/lmsy/m/n/12 n \OT1/zi4/m/n/12 unhbox \OMS/lmsy/m/n/12 n \OT1/zi4/m/n/12 voidb @ x \OMS/lmsy/m/n/12 n \OT1/zi4/m/n/12 bgroup \OMS/lmsy/m/n/12 n
 []


Underfull \hbox (badness 10000) in paragraph at lines 20--21
\OT1/zi4/m/n/12 U @ D1ex\OMS/lmsy/m/n/12 fn\OT1/zi4/m/n/12 setbox \OMS/lmsy/m/n/12 n \OT1/zi4/m/n/12 z @ \OMS/lmsy/m/n/12 n\OT1/zi4/m/n/12 hbox\OMS/lmsy/m/n/12 fn\OT1/zi4/m/n/12 char127 [] \OMS/lmsy/m/n/12 n\OT1/zi4/m/n/12 dimen @ -[] . 45ex \OMS/lmsy/m/n/12 n \OT1/zi4/m/n/12 advance \OMS/lmsy/m/n/12 n \OT1/zi4/m/n/12 dimen @
 []

File: bilder//puzzle_tagline_blau.png Graphic file (type png)
<use bilder//puzzle_tagline_blau.png>
Package pdftex.def Info: bilder//puzzle_tagline_blau.png  used on input line 24.
(pdftex.def)             Requested size: 82.51282pt x 21.55902pt.

Overfull \hbox (26.79134pt too wide) has occurred while \output is active
[][]|  
 []


Overfull \hbox (26.79134pt too wide) has occurred while \output is active
 [][]|
 []

[65

]
Kapitel 17.
File: bilder//puzzle_tagline_blau.png Graphic file (type png)
<use bilder//puzzle_tagline_blau.png>
Package pdftex.def Info: bilder//puzzle_tagline_blau.png  used on input line 38.
(pdftex.def)             Requested size: 82.51282pt x 21.55902pt.

Overfull \hbox (26.79134pt too wide) has occurred while \output is active
[][]|  
 []


Overfull \hbox (26.79134pt too wide) has occurred while \output is active
 [][]|
 []

[66

]
Kapitel 18.
File: bilder//puzzle_tagline_blau.png Graphic file (type png)
<use bilder//puzzle_tagline_blau.png>
Package pdftex.def Info: bilder//puzzle_tagline_blau.png  used on input line 52.
(pdftex.def)             Requested size: 82.51282pt x 21.55902pt.

Overfull \hbox (26.79134pt too wide) has occurred while \output is active
[][]|  
 []


Overfull \hbox (26.79134pt too wide) has occurred while \output is active
 [][]|
 []

[67

]
Kapitel 19.
<bilder//git_commit_conventions.png, id=1069, 1030.85126pt x 500.87125pt>
File: bilder//git_commit_conventions.png Graphic file (type png)
<use bilder//git_commit_conventions.png>
Package pdftex.def Info: bilder//git_commit_conventions.png  used on input line 60.
(pdftex.def)             Requested size: 400.0pt x 194.35309pt.

Overfull \hbox (6.79999pt too wide) in paragraph at lines 60--61
 [][] 
 []

<bilder//security_conventions_1.png, id=1070, 2570.60374pt x 996.72375pt>
File: bilder//security_conventions_1.png Graphic file (type png)
<use bilder//security_conventions_1.png>
Package pdftex.def Info: bilder//security_conventions_1.png  used on input line 68.
(pdftex.def)             Requested size: 400.0pt x 155.08372pt.

Overfull \hbox (6.79999pt too wide) in paragraph at lines 68--69
 [][] 
 []

<bilder//security_conventions_2.png, id=1071, 2570.60374pt x 1287.81125pt>
File: bilder//security_conventions_2.png Graphic file (type png)
<use bilder//security_conventions_2.png>
Package pdftex.def Info: bilder//security_conventions_2.png  used on input line 73.
(pdftex.def)             Requested size: 400.0pt x 200.37505pt.

Overfull \hbox (6.79999pt too wide) in paragraph at lines 73--74
 [][] 
 []


LaTeX Warning: `h' float specifier changed to `ht'.

<bilder//security_conventions_3.png, id=1072, 2570.60374pt x 550.055pt>
File: bilder//security_conventions_3.png Graphic file (type png)
<use bilder//security_conventions_3.png>
Package pdftex.def Info: bilder//security_conventions_3.png  used on input line 78.
(pdftex.def)             Requested size: 400.0pt x 85.58498pt.

Overfull \hbox (6.79999pt too wide) in paragraph at lines 78--79
 [][] 
 []


LaTeX Warning: `h' float specifier changed to `ht'.

)
File: bilder//puzzle_tagline_blau.png Graphic file (type png)
<use bilder//puzzle_tagline_blau.png>
Package pdftex.def Info: bilder//puzzle_tagline_blau.png  used on input line 232.
(pdftex.def)             Requested size: 82.51282pt x 21.55902pt.

Overfull \hbox (26.79134pt too wide) has occurred while \output is active
[][]|  
 []


Overfull \hbox (26.79134pt too wide) has occurred while \output is active
 [][]|
 []

[68

 <./bilder//git_commit_conventions.png> <./bilder//security_conventions_1.png>]
File: bilder//puzzle_tagline_blau.png Graphic file (type png)
<use bilder//puzzle_tagline_blau.png>
Package pdftex.def Info: bilder//puzzle_tagline_blau.png  used on input line 232.
(pdftex.def)             Requested size: 82.51282pt x 21.55902pt.

Overfull \hbox (26.79134pt too wide) has occurred while \output is active
[][]|  
 []


Overfull \hbox (26.79134pt too wide) has occurred while \output is active
 [][]|
 []

[69 <./bilder//security_conventions_2.png> <./bilder//security_conventions_3.png>] 
AED: lastpage setting LastPage
(./ipa.aux (./titlePage.aux) (./part1.aux) (./part2.aux) (./part3.aux))

LaTeX Warning: There were undefined references.

Package rerunfilecheck Info: File `ipa.out' has not changed.
(rerunfilecheck)             Checksum: 1EB15DBCCBA18528CF91985BF7B3CFB7;14190.
 ) 
Here is how much of TeX's memory you used:
 31871 strings out of 478287
 605363 string characters out of 5849289
 1178157 words of memory out of 5000000
 49061 multiletter control sequences out of 15000+600000
 525055 words of font info for 67 fonts, out of 8000000 for 9000
 1141 hyphenation exceptions out of 8191
 108i,16n,129p,737b,792s stack positions out of 5000i,500n,10000p,200000b,80000s
{/usr/share/texmf/fonts/enc/dvips/lm/lm-mathsy.enc}{/usr/share/texmf/fonts/enc/dvips/lm/lm-rm.enc}{/usr/share/texlive/texmf-dist/fonts/enc/dvips/inconsolata/i4-ot1-0.enc}{/usr/share/texmf/fonts/enc/dvips/lm/lm-ts1.enc}</usr/share/texlive/texmf-dist/fonts/type1/public/inconsolata/Inconsolata-zi4r.pfb></usr/share/texmf/fonts/type1/public/lm/lmbx10.pfb></usr/share/texmf/fonts/type1/public/lm/lmbx12.pfb></usr/share/texmf/fonts/type1/public/lm/lmr12.pfb></usr/share/texmf/fonts/type1/public/lm/lmr17.pfb></usr/share/texmf/fonts/type1/public/lm/lmr9.pfb></usr/share/texmf/fonts/type1/public/lm/lmri12.pfb></usr/share/texmf/fonts/type1/public/lm/lmsy10.pfb></usr/share/texmf/fonts/type1/public/lm/lmsy6.pfb>
Output written on ipa.pdf (70 pages, 1353025 bytes).
PDF statistics:
 1199 PDF objects out of 1200 (max. 8388607)
 1036 compressed objects within 11 object streams
 305 named destinations out of 1000 (max. 500000)
 918 words of extra memory for PDF output out of 10000 (max. 10000000)

