\BOOKMARK [-1][-]{part.1}{\376\377\000I\000\040\000A\000b\000l\000a\000u\000f\000,\000\040\000O\000r\000g\000a\000n\000i\000s\000a\000t\000i\000o\000n\000\040\000u\000n\000d\000\040\000U\000m\000f\000e\000l\000d}{}% 1
\BOOKMARK [0][-]{chapter.1}{\376\377\000A\000u\000f\000g\000a\000b\000e\000n\000s\000t\000e\000l\000l\000u\000n\000g}{part.1}% 2
\BOOKMARK [1][-]{section.1.1}{\376\377\000T\000i\000t\000e\000l\000\040\000d\000e\000r\000\040\000A\000r\000b\000e\000i\000t}{chapter.1}% 3
\BOOKMARK [1][-]{section.1.2}{\376\377\000T\000h\000e\000m\000a\000t\000i\000k}{chapter.1}% 4
\BOOKMARK [1][-]{section.1.3}{\376\377\000A\000u\000s\000g\000a\000n\000g\000s\000l\000a\000g\000e}{chapter.1}% 5
\BOOKMARK [1][-]{section.1.4}{\376\377\000D\000e\000t\000a\000i\000l\000l\000i\000e\000r\000t\000e\000\040\000A\000u\000f\000g\000a\000b\000e\000n\000s\000t\000e\000l\000l\000u\000n\000g}{chapter.1}% 6
\BOOKMARK [2][-]{subsection.1.4.1}{\376\377\000M\000i\000t\000t\000e\000l\000\040\000u\000n\000d\000\040\000M\000e\000t\000h\000o\000d\000e\000n}{section.1.4}% 7
\BOOKMARK [2][-]{subsection.1.4.2}{\376\377\000V\000o\000r\000k\000e\000n\000n\000t\000n\000i\000s\000s\000e}{section.1.4}% 8
\BOOKMARK [2][-]{subsection.1.4.3}{\376\377\000V\000o\000r\000a\000r\000b\000e\000i\000t\000e\000n}{section.1.4}% 9
\BOOKMARK [2][-]{subsection.1.4.4}{\376\377\000N\000e\000u\000e\000\040\000L\000e\000r\000n\000i\000n\000h\000a\000l\000t\000e}{section.1.4}% 10
\BOOKMARK [2][-]{subsection.1.4.5}{\376\377\000A\000r\000b\000e\000i\000t\000e\000n\000\040\000i\000n\000\040\000d\000e\000n\000\040\000l\000e\000t\000z\000t\000e\000n\000\040\0006\000\040\000M\000o\000n\000a\000t\000e\000n}{section.1.4}% 11
\BOOKMARK [0][-]{chapter.2}{\376\377\000F\000i\000r\000m\000e\000n\000s\000t\000a\000n\000d\000a\000r\000d\000s}{part.1}% 12
\BOOKMARK [0][-]{chapter.3}{\376\377\000I\000P\000A\000-\000S\000c\000h\000u\000t\000z\000b\000e\000d\000a\000r\000f\000a\000n\000a\000l\000y\000s\000e}{part.1}% 13
\BOOKMARK [0][-]{chapter.4}{\376\377\000O\000r\000g\000a\000n\000i\000s\000a\000t\000i\000o\000n\000\040\000d\000e\000r\000\040\000I\000P\000A\000-\000E\000r\000g\000e\000b\000n\000i\000s\000s\000e}{part.1}% 14
\BOOKMARK [0][-]{chapter.5}{\376\377\000P\000r\000o\000j\000e\000k\000t\000m\000e\000t\000h\000o\000d\000e}{part.1}% 15
\BOOKMARK [0][-]{chapter.6}{\376\377\000P\000r\000o\000j\000e\000k\000t\000a\000u\000f\000b\000a\000u\000o\000r\000g\000a\000n\000i\000s\000a\000t\000i\000o\000n}{part.1}% 16
\BOOKMARK [0][-]{chapter.7}{\376\377\000Z\000e\000i\000t\000p\000l\000a\000n}{part.1}% 17
\BOOKMARK [1][-]{section.7.1}{\376\377\000E\000r\000l\000\344\000u\000t\000e\000r\000u\000n\000g\000\040\000z\000u\000m\000\040\000Z\000e\000i\000t\000p\000l\000a\000n}{chapter.7}% 18
\BOOKMARK [0][-]{chapter.8}{\376\377\000A\000r\000b\000e\000i\000t\000s\000j\000o\000u\000r\000n\000a\000l\000e}{part.1}% 19
\BOOKMARK [1][-]{section.8.1}{\376\377\000T\000a\000g\000\040\0001\000:\000\040\000T\000O\000D\000O\000:\000\040\000D\000a\000t\000u\000m}{chapter.8}% 20
\BOOKMARK [1][-]{section.8.2}{\376\377\000T\000a\000g\000\040\0002\000:\000\040\000T\000O\000D\000O\000:\000\040\000D\000a\000t\000u\000m}{chapter.8}% 21
\BOOKMARK [1][-]{section.8.3}{\376\377\000T\000a\000g\000\040\0004\000:\000\040\000T\000O\000D\000O\000:\000\040\000D\000a\000t\000u\000m}{chapter.8}% 22
\BOOKMARK [1][-]{section.8.4}{\376\377\000T\000a\000g\000\040\0001\000:\000\040\000T\000O\000D\000O\000:\000\040\000D\000a\000t\000u\000m}{chapter.8}% 23
\BOOKMARK [1][-]{section.8.5}{\376\377\000T\000a\000g\000\040\0005\000:\000\040\000T\000O\000D\000O\000:\000\040\000D\000a\000t\000u\000m}{chapter.8}% 24
\BOOKMARK [1][-]{section.8.6}{\376\377\000T\000a\000g\000\040\0006\000:\000\040\000T\000O\000D\000O\000:\000\040\000D\000a\000t\000u\000m}{chapter.8}% 25
\BOOKMARK [1][-]{section.8.7}{\376\377\000T\000a\000g\000\040\0007\000:\000\040\000T\000O\000D\000O\000:\000\040\000D\000a\000t\000u\000m}{chapter.8}% 26
\BOOKMARK [1][-]{section.8.8}{\376\377\000T\000a\000g\000\040\0008\000:\000\040\000T\000O\000D\000O\000:\000\040\000D\000a\000t\000u\000m}{chapter.8}% 27
\BOOKMARK [1][-]{section.8.9}{\376\377\000T\000a\000g\000\040\0009\000:\000\040\000T\000O\000D\000O\000:\000\040\000D\000a\000t\000u\000m}{chapter.8}% 28
\BOOKMARK [1][-]{section.8.10}{\376\377\000T\000a\000g\000\040\0001\0000\000:\000\040\000T\000O\000D\000O\000:\000\040\000D\000a\000t\000u\000m}{chapter.8}% 29
\BOOKMARK [0][-]{chapter.9}{\376\377\000P\000e\000r\000s\000\366\000n\000l\000i\000c\000h\000e\000s\000\040\000F\000a\000z\000i\000t}{part.1}% 30
\BOOKMARK [-1][-]{part.2}{\376\377\000I\000I\000\040\000P\000r\000o\000j\000e\000k\000t\000d\000o\000k\000u\000m\000e\000n\000t\000a\000t\000i\000o\000n}{}% 31
\BOOKMARK [0][-]{chapter.10}{\376\377\000E\000i\000n\000f\000\374\000h\000r\000u\000n\000g}{part.2}% 32
\BOOKMARK [0][-]{chapter.11}{\376\377\000A\000n\000a\000l\000y\000s\000e}{part.2}% 33
\BOOKMARK [1][-]{section.11.1}{\376\377\000I\000s\000t\000-\000Z\000u\000s\000t\000a\000n\000d}{chapter.11}% 34
\BOOKMARK [1][-]{section.11.2}{\376\377\000S\000o\000l\000l\000-\000Z\000u\000s\000t\000a\000n\000d}{chapter.11}% 35
\BOOKMARK [1][-]{section.11.3}{\376\377\000P\000e\000r\000s\000\366\000n\000l\000i\000c\000h\000e\000\040\000V\000o\000r\000g\000e\000h\000e\000n\000s\000z\000i\000e\000l\000e}{chapter.11}% 36
\BOOKMARK [1][-]{section.11.4}{\376\377\000A\000n\000f\000o\000r\000d\000e\000r\000u\000n\000g\000e\000n}{chapter.11}% 37
\BOOKMARK [2][-]{subsection.11.4.1}{\376\377\000N\000i\000c\000h\000t\000\040\000f\000u\000n\000k\000t\000i\000o\000n\000a\000l\000e\000\040\000A\000n\000f\000o\000r\000d\000e\000r\000u\000n\000g\000e\000n}{section.11.4}% 38
\BOOKMARK [2][-]{subsection.11.4.2}{\376\377\000F\000u\000n\000k\000t\000i\000o\000n\000a\000l\000e\000\040\000A\000n\000f\000o\000r\000d\000e\000r\000u\000n\000g\000e\000n}{section.11.4}% 39
\BOOKMARK [1][-]{section.11.5}{\376\377\000A\000b\000g\000r\000e\000n\000z\000u\000n\000g}{chapter.11}% 40
\BOOKMARK [0][-]{chapter.12}{\376\377\000E\000n\000t\000w\000u\000r\000f}{part.2}% 41
\BOOKMARK [1][-]{section.12.1}{\376\377\000T\000e\000s\000t\000k\000o\000n\000z\000e\000p\000t}{chapter.12}% 42
\BOOKMARK [0][-]{chapter.13}{\376\377\000U\000m\000s\000e\000t\000z\000u\000n\000g}{part.2}% 43
\BOOKMARK [1][-]{section.13.1}{\376\377\000T\000e\000s\000t\000p\000r\000o\000t\000o\000k\000o\000l\000l}{chapter.13}% 44
\BOOKMARK [0][-]{chapter.14}{\376\377\000E\000i\000n\000f\000\374\000h\000r\000u\000n\000g}{part.2}% 45
\BOOKMARK [0][-]{chapter.15}{\376\377\000S\000p\000r\000i\000n\000t\000a\000b\000s\000c\000h\000l\000\374\000s\000s\000e}{part.2}% 46
\BOOKMARK [1][-]{section.15.1}{\376\377\000A\000b\000s\000c\000h\000l\000u\000s\000s\000\040\000S\000p\000r\000i\000n\000t\000\040\000I\000n\000i\000t\000i\000a\000l\000i\000s\000i\000e\000r\000u\000n\000g}{chapter.15}% 47
\BOOKMARK [1][-]{section.15.2}{\376\377\000A\000b\000s\000c\000h\000l\000u\000s\000s\000\040\000S\000p\000r\000i\000n\000t\000\040\000U\000m\000s\000e\000t\000z\000u\000n\000g}{chapter.15}% 48
\BOOKMARK [1][-]{section.15.3}{\376\377\000A\000b\000s\000c\000h\000l\000u\000s\000s\000\040\000S\000p\000r\000i\000n\000t\000\040\000F\000i\000n\000a\000l\000i\000s\000i\000e\000r\000u\000n\000g}{chapter.15}% 49
\BOOKMARK [-1][-]{part.3}{\376\377\000I\000I\000I\000\040\000A\000n\000h\000a\000n\000g\000\040\000u\000n\000d\000\040\000V\000e\000r\000z\000e\000i\000c\000h\000n\000i\000s\000e}{}% 50
\BOOKMARK [0][-]{chapter.16}{\376\377\000V\000e\000r\000z\000e\000i\000c\000h\000n\000i\000s\000e}{part.3}% 51
\BOOKMARK [1][-]{section.16.1}{\376\377\000T\000a\000b\000e\000l\000l\000e\000n\000v\000e\000r\000z\000e\000i\000c\000h\000n\000i\000s}{chapter.16}% 52
\BOOKMARK [1][-]{section.16.2}{\376\377\000A\000b\000b\000i\000l\000d\000u\000n\000g\000s\000v\000e\000r\000z\000e\000i\000c\000h\000n\000i\000s}{chapter.16}% 53
\BOOKMARK [1][-]{section.16.3}{\376\377\000C\000o\000d\000e\000\040\000V\000e\000r\000z\000e\000i\000c\000h\000n\000i\000s}{chapter.16}% 54
\BOOKMARK [2][-]{chapter*.84}{\376\377\000Q\000u\000e\000l\000l\000e\000n\000v\000e\000r\000z\000e\000i\000c\000h\000n\000i\000s}{section.16.3}% 55
\BOOKMARK [0][-]{chapter.17}{\376\377\000V\000e\000r\000w\000e\000n\000d\000e\000t\000e\000\040\000A\000b\000k\000\374\000r\000z\000u\000n\000g\000e\000n}{part.3}% 56
\BOOKMARK [0][-]{chapter.18}{\376\377\000G\000l\000o\000s\000s\000a\000r}{part.3}% 57
\BOOKMARK [0][-]{chapter.19}{\376\377\000A\000n\000h\000\344\000n\000g\000e}{part.3}% 58
\BOOKMARK [1][-]{section.19.1}{\376\377\000S\000i\000t\000z\000u\000n\000g\000s\000p\000r\000o\000t\000o\000k\000o\000l\000l\000e}{chapter.19}% 59
\BOOKMARK [1][-]{section.19.2}{\376\377\000C\000o\000d\000e}{chapter.19}% 60
